\BOOKMARK [0][-]{chapter*.4}{\376\377\000P\000r\000e\000f\000a\000z\000i\000o\000n\000e}{}% 1
\BOOKMARK [0][-]{chapter.1}{\376\377\000I\000n\000t\000r\000o\000d\000u\000z\000i\000o\000n\000e\000\040\000a\000l\000\040\000C}{}% 2
\BOOKMARK [1][-]{section.1.1}{\376\377\000S\000t\000o\000r\000i\000a\000\040\000d\000e\000l\000\040\000L\000i\000n\000g\000u\000a\000g\000g\000i\000o\000\040\000C}{chapter.1}% 3
\BOOKMARK [2][-]{subsection.1.1.1}{\376\377\000T\000i\000m\000e\000l\000i\000n\000e\000\040\000S\000t\000o\000r\000i\000c\000a}{section.1.1}% 4
\BOOKMARK [1][-]{section.1.2}{\376\377\000C\000a\000r\000a\000t\000t\000e\000r\000i\000s\000t\000i\000c\000h\000e\000\040\000d\000e\000l\000\040\000L\000i\000n\000g\000u\000a\000g\000g\000i\000o\000\040\000C}{chapter.1}% 5
\BOOKMARK [2][-]{subsection.1.2.1}{\376\377\000P\000u\000n\000t\000i\000\040\000d\000i\000\040\000F\000o\000r\000z\000a}{section.1.2}% 6
\BOOKMARK [2][-]{subsection.1.2.2}{\376\377\000L\000i\000m\000i\000t\000a\000z\000i\000o\000n\000i}{section.1.2}% 7
\BOOKMARK [1][-]{section.1.3}{\376\377\000C\000o\000m\000p\000i\000l\000a\000z\000i\000o\000n\000e\000\040\000v\000s\000\040\000I\000n\000t\000e\000r\000p\000r\000e\000t\000a\000z\000i\000o\000n\000e}{chapter.1}% 8
\BOOKMARK [2][-]{subsection.1.3.1}{\376\377\000L\000i\000n\000g\000u\000a\000g\000g\000i\000\040\000I\000n\000t\000e\000r\000p\000r\000e\000t\000a\000t\000i}{section.1.3}% 9
\BOOKMARK [2][-]{subsection.1.3.2}{\376\377\000L\000i\000n\000g\000u\000a\000g\000g\000i\000\040\000C\000o\000m\000p\000i\000l\000a\000t\000i}{section.1.3}% 10
\BOOKMARK [2][-]{subsection.1.3.3}{\376\377\000I\000l\000\040\000P\000r\000o\000c\000e\000s\000s\000o\000\040\000d\000i\000\040\000C\000o\000m\000p\000i\000l\000a\000z\000i\000o\000n\000e\000\040\000i\000n\000\040\000C}{section.1.3}% 11
\BOOKMARK [1][-]{section.1.4}{\376\377\000A\000m\000b\000i\000e\000n\000t\000e\000\040\000d\000i\000\040\000S\000v\000i\000l\000u\000p\000p\000o}{chapter.1}% 12
\BOOKMARK [2][-]{subsection.1.4.1}{\376\377\000I\000n\000s\000t\000a\000l\000l\000a\000z\000i\000o\000n\000e\000\040\000d\000e\000l\000\040\000C\000o\000m\000p\000i\000l\000a\000t\000o\000r\000e\000\040\000G\000C\000C}{section.1.4}% 13
\BOOKMARK [2][-]{subsection.1.4.2}{\376\377\000E\000d\000i\000t\000o\000r\000\040\000e\000\040\000I\000D\000E\000\040\000C\000o\000n\000s\000i\000g\000l\000i\000a\000t\000i}{section.1.4}% 14
\BOOKMARK [1][-]{section.1.5}{\376\377\000S\000t\000r\000u\000t\000t\000u\000r\000a\000\040\000d\000i\000\040\000u\000n\000\040\000P\000r\000o\000g\000r\000a\000m\000m\000a\000\040\000C}{chapter.1}% 15
\BOOKMARK [2][-]{subsection.1.5.1}{\376\377\000D\000i\000r\000e\000t\000t\000i\000v\000a\000\040\000\043\000i\000n\000c\000l\000u\000d\000e}{section.1.5}% 16
\BOOKMARK [2][-]{subsection.1.5.2}{\376\377\000F\000u\000n\000z\000i\000o\000n\000e\000\040\000m\000a\000i\000n\000\050\000\051}{section.1.5}% 17
\BOOKMARK [2][-]{subsection.1.5.3}{\376\377\000C\000o\000m\000m\000e\000n\000t\000i}{section.1.5}% 18
\BOOKMARK [1][-]{section.1.6}{\376\377\000I\000l\000\040\000P\000r\000i\000m\000o\000\040\000P\000r\000o\000g\000r\000a\000m\000m\000a\000:\000\040\000H\000e\000l\000l\000o\000\040\000W\000o\000r\000l\000d}{chapter.1}% 19
\BOOKMARK [2][-]{subsection.1.6.1}{\376\377\000A\000n\000a\000l\000i\000s\000i\000\040\000d\000e\000l\000\040\000C\000o\000d\000i\000c\000e}{section.1.6}% 20
\BOOKMARK [2][-]{subsection.1.6.2}{\376\377\000C\000o\000m\000p\000i\000l\000a\000z\000i\000o\000n\000e\000\040\000e\000d\000\040\000E\000s\000e\000c\000u\000z\000i\000o\000n\000e}{section.1.6}% 21
\BOOKMARK [1][-]{section.1.7}{\376\377\000E\000s\000e\000m\000p\000i\000\040\000G\000u\000i\000d\000a\000t\000i}{chapter.1}% 22
\BOOKMARK [2][-]{subsection.1.7.1}{\376\377\000E\000s\000e\000m\000p\000i\000o\000\040\0001\000:\000\040\000S\000t\000a\000m\000p\000a\000r\000e\000\040\000P\000i\000\371\000\040\000R\000i\000g\000h\000e}{section.1.7}% 23
\BOOKMARK [2][-]{subsection.1.7.2}{\376\377\000E\000s\000e\000m\000p\000i\000o\000\040\0002\000:\000\040\000C\000a\000r\000a\000t\000t\000e\000r\000i\000\040\000S\000p\000e\000c\000i\000a\000l\000i}{section.1.7}% 24
\BOOKMARK [2][-]{subsection.1.7.3}{\376\377\000E\000s\000e\000m\000p\000i\000o\000\040\0003\000:\000\040\000S\000t\000a\000m\000p\000a\000r\000e\000\040\000N\000u\000m\000e\000r\000i}{section.1.7}% 25
\BOOKMARK [1][-]{section.1.8}{\376\377\000E\000r\000r\000o\000r\000i\000\040\000C\000o\000m\000u\000n\000i\000\040\000e\000\040\000D\000e\000b\000u\000g\000g\000i\000n\000g}{chapter.1}% 26
\BOOKMARK [2][-]{subsection.1.8.1}{\376\377\000E\000r\000r\000o\000r\000e\000\040\0001\000:\000\040\000P\000u\000n\000t\000o\000\040\000e\000\040\000V\000i\000r\000g\000o\000l\000a\000\040\000M\000a\000n\000c\000a\000n\000t\000e}{section.1.8}% 27
\BOOKMARK [2][-]{subsection.1.8.2}{\376\377\000E\000r\000r\000o\000r\000e\000\040\0002\000:\000\040\000I\000n\000c\000l\000u\000d\000e\000\040\000M\000a\000n\000c\000a\000n\000t\000e}{section.1.8}% 28
\BOOKMARK [2][-]{subsection.1.8.3}{\376\377\000E\000r\000r\000o\000r\000e\000\040\0003\000:\000\040\000P\000a\000r\000e\000n\000t\000e\000s\000i\000\040\000G\000r\000a\000f\000f\000e}{section.1.8}% 29
\BOOKMARK [1][-]{section.1.9}{\376\377\000L\000i\000b\000r\000e\000r\000i\000e\000\040\000S\000t\000a\000n\000d\000a\000r\000d\000\040\000d\000e\000l\000\040\000C}{chapter.1}% 30
\BOOKMARK [1][-]{section.1.10}{\376\377\000B\000e\000s\000t\000\040\000P\000r\000a\000c\000t\000i\000c\000e\000s}{chapter.1}% 31
\BOOKMARK [1][-]{section.1.11}{\376\377\000E\000s\000e\000r\000c\000i\000z\000i}{chapter.1}% 32
\BOOKMARK [2][-]{subsection.1.11.1}{\376\377\000L\000i\000v\000e\000l\000l\000o\000\040\000B\000a\000s\000e}{section.1.11}% 33
\BOOKMARK [2][-]{subsection.1.11.2}{\376\377\000L\000i\000v\000e\000l\000l\000o\000\040\000I\000n\000t\000e\000r\000m\000e\000d\000i\000o}{section.1.11}% 34
\BOOKMARK [2][-]{subsection.1.11.3}{\376\377\000L\000i\000v\000e\000l\000l\000o\000\040\000A\000v\000a\000n\000z\000a\000t\000o}{section.1.11}% 35
\BOOKMARK [1][-]{section.1.12}{\376\377\000R\000i\000e\000p\000i\000l\000o\000g\000o}{chapter.1}% 36
\BOOKMARK [1][-]{section.1.13}{\376\377\000A\000p\000p\000r\000o\000f\000o\000n\000d\000i\000m\000e\000n\000t\000i}{chapter.1}% 37
\BOOKMARK [0][-]{chapter.2}{\376\377\000V\000a\000r\000i\000a\000b\000i\000l\000i\000\040\000e\000\040\000T\000i\000p\000i\000\040\000d\000i\000\040\000D\000a\000t\000i}{}% 38
\BOOKMARK [1][-]{section.2.1}{\376\377\000I\000n\000t\000r\000o\000d\000u\000z\000i\000o\000n\000e}{chapter.2}% 39
\BOOKMARK [1][-]{section.2.2}{\376\377\000O\000b\000i\000e\000t\000t\000i\000v\000i\000\040\000d\000i\000\040\000A\000p\000p\000r\000e\000n\000d\000i\000m\000e\000n\000t\000o}{chapter.2}% 40
\BOOKMARK [1][-]{section.2.3}{\376\377\000C\000o\000n\000c\000e\000t\000t\000o\000\040\000d\000i\000\040\000V\000a\000r\000i\000a\000b\000i\000l\000e}{chapter.2}% 41
\BOOKMARK [1][-]{section.2.4}{\376\377\000T\000i\000p\000i\000\040\000d\000i\000\040\000D\000a\000t\000i\000\040\000B\000a\000s\000e}{chapter.2}% 42
\BOOKMARK [2][-]{subsection.2.4.1}{\376\377\000T\000i\000p\000i\000\040\000I\000n\000t\000e\000r\000i}{section.2.4}% 43
\BOOKMARK [2][-]{subsection.2.4.2}{\376\377\000T\000i\000p\000i\000\040\000a\000\040\000V\000i\000r\000g\000o\000l\000a\000\040\000M\000o\000b\000i\000l\000e}{section.2.4}% 44
\BOOKMARK [2][-]{subsection.2.4.3}{\376\377\000T\000i\000p\000o\000\040\000C\000a\000r\000a\000t\000t\000e\000r\000e}{section.2.4}% 45
\BOOKMARK [1][-]{section.2.5}{\376\377\000D\000i\000c\000h\000i\000a\000r\000a\000z\000i\000o\000n\000e\000\040\000d\000i\000\040\000V\000a\000r\000i\000a\000b\000i\000l\000i}{chapter.2}% 46
\BOOKMARK [2][-]{subsection.2.5.1}{\376\377\000S\000i\000n\000t\000a\000s\000s\000i\000\040\000B\000a\000s\000e}{section.2.5}% 47
\BOOKMARK [2][-]{subsection.2.5.2}{\376\377\000E\000s\000e\000m\000p\000i\000\040\000d\000i\000\040\000D\000i\000c\000h\000i\000a\000r\000a\000z\000i\000o\000n\000e}{section.2.5}% 48
\BOOKMARK [2][-]{subsection.2.5.3}{\376\377\000I\000n\000i\000z\000i\000a\000l\000i\000z\000z\000a\000z\000i\000o\000n\000e}{section.2.5}% 49
\BOOKMARK [1][-]{section.2.6}{\376\377\000R\000e\000g\000o\000l\000e\000\040\000p\000e\000r\000\040\000i\000\040\000N\000o\000m\000i\000\040\000d\000e\000l\000l\000e\000\040\000V\000a\000r\000i\000a\000b\000i\000l\000i}{chapter.2}% 50
\BOOKMARK [2][-]{subsection.2.6.1}{\376\377\000R\000e\000g\000o\000l\000e\000\040\000O\000b\000b\000l\000i\000g\000a\000t\000o\000r\000i\000e}{section.2.6}% 51
\BOOKMARK [2][-]{subsection.2.6.2}{\376\377\000C\000o\000n\000v\000e\000n\000z\000i\000o\000n\000i\000\040\000C\000o\000n\000s\000i\000g\000l\000i\000a\000t\000e}{section.2.6}% 52
\BOOKMARK [1][-]{section.2.7}{\376\377\000L\000'\000o\000p\000e\000r\000a\000t\000o\000r\000e\000\040\000s\000i\000z\000e\000o\000f}{chapter.2}% 53
\BOOKMARK [1][-]{section.2.8}{\376\377\000S\000p\000e\000c\000i\000f\000i\000c\000a\000t\000o\000r\000i\000\040\000d\000i\000\040\000F\000o\000r\000m\000a\000t\000o\000\040\000p\000e\000r\000\040\000p\000r\000i\000n\000t\000f}{chapter.2}% 54
\BOOKMARK [2][-]{subsection.2.8.1}{\376\377\000F\000o\000r\000m\000a\000t\000t\000a\000z\000i\000o\000n\000e\000\040\000A\000v\000a\000n\000z\000a\000t\000a}{section.2.8}% 55
\BOOKMARK [1][-]{section.2.9}{\376\377\000I\000n\000p\000u\000t\000\040\000d\000a\000\040\000T\000a\000s\000t\000i\000e\000r\000a\000:\000\040\000s\000c\000a\000n\000f}{chapter.2}% 56
\BOOKMARK [2][-]{subsection.2.9.1}{\376\377\000S\000i\000n\000t\000a\000s\000s\000i\000\040\000B\000a\000s\000e}{section.2.9}% 57
\BOOKMARK [2][-]{subsection.2.9.2}{\376\377\000E\000s\000e\000m\000p\000i\000\040\000d\000i\000\040\000I\000n\000p\000u\000t}{section.2.9}% 58
\BOOKMARK [1][-]{section.2.10}{\376\377\000C\000o\000s\000t\000a\000n\000t\000i}{chapter.2}% 59
\BOOKMARK [2][-]{subsection.2.10.1}{\376\377\000C\000o\000s\000t\000a\000n\000t\000i\000\040\000c\000o\000n\000\040\000\043\000d\000e\000f\000i\000n\000e}{section.2.10}% 60
\BOOKMARK [2][-]{subsection.2.10.2}{\376\377\000C\000o\000s\000t\000a\000n\000t\000i\000\040\000c\000o\000n\000\040\000c\000o\000n\000s\000t}{section.2.10}% 61
\BOOKMARK [2][-]{subsection.2.10.3}{\376\377\000D\000i\000f\000f\000e\000r\000e\000n\000z\000a\000\040\000t\000r\000a\000\040\000\043\000d\000e\000f\000i\000n\000e\000\040\000e\000\040\000c\000o\000n\000s\000t}{section.2.10}% 62
\BOOKMARK [1][-]{section.2.11}{\376\377\000C\000o\000n\000v\000e\000r\000s\000i\000o\000n\000i\000\040\000d\000i\000\040\000T\000i\000p\000o}{chapter.2}% 63
\BOOKMARK [2][-]{subsection.2.11.1}{\376\377\000C\000o\000n\000v\000e\000r\000s\000i\000o\000n\000e\000\040\000I\000m\000p\000l\000i\000c\000i\000t\000a}{section.2.11}% 64
\BOOKMARK [2][-]{subsection.2.11.2}{\376\377\000C\000o\000n\000v\000e\000r\000s\000i\000o\000n\000e\000\040\000E\000s\000p\000l\000i\000c\000i\000t\000a\000\040\000\050\000C\000a\000s\000t\000\051}{section.2.11}% 65
\BOOKMARK [1][-]{section.2.12}{\376\377\000E\000s\000e\000m\000p\000i\000\040\000P\000r\000a\000t\000i\000c\000i\000\040\000C\000o\000m\000p\000l\000e\000t\000i}{chapter.2}% 66
\BOOKMARK [2][-]{subsection.2.12.1}{\376\377\000E\000s\000e\000m\000p\000i\000o\000\040\0001\000:\000\040\000C\000a\000l\000c\000o\000l\000o\000\040\000A\000r\000e\000a\000\040\000R\000e\000t\000t\000a\000n\000g\000o\000l\000o}{section.2.12}% 67
\BOOKMARK [2][-]{subsection.2.12.2}{\376\377\000E\000s\000e\000m\000p\000i\000o\000\040\0002\000:\000\040\000C\000o\000n\000v\000e\000r\000s\000i\000o\000n\000e\000\040\000T\000e\000m\000p\000e\000r\000a\000t\000u\000r\000e}{section.2.12}% 68
\BOOKMARK [2][-]{subsection.2.12.3}{\376\377\000E\000s\000e\000m\000p\000i\000o\000\040\0003\000:\000\040\000C\000a\000l\000c\000o\000l\000o\000\040\000M\000e\000d\000i\000a}{section.2.12}% 69
\BOOKMARK [1][-]{section.2.13}{\376\377\000O\000v\000e\000r\000f\000l\000o\000w\000\040\000e\000\040\000U\000n\000d\000e\000r\000f\000l\000o\000w}{chapter.2}% 70
\BOOKMARK [2][-]{subsection.2.13.1}{\376\377\000O\000v\000e\000r\000f\000l\000o\000w}{section.2.13}% 71
\BOOKMARK [2][-]{subsection.2.13.2}{\376\377\000U\000n\000d\000e\000r\000f\000l\000o\000w}{section.2.13}% 72
\BOOKMARK [1][-]{section.2.14}{\376\377\000L\000i\000b\000r\000e\000r\000i\000a\000\040\000l\000i\000m\000i\000t\000s\000.\000h}{chapter.2}% 73
\BOOKMARK [1][-]{section.2.15}{\376\377\000E\000s\000e\000r\000c\000i\000z\000i}{chapter.2}% 74
\BOOKMARK [2][-]{subsection.2.15.1}{\376\377\000L\000i\000v\000e\000l\000l\000o\000\040\000B\000a\000s\000e}{section.2.15}% 75
\BOOKMARK [2][-]{subsection.2.15.2}{\376\377\000L\000i\000v\000e\000l\000l\000o\000\040\000I\000n\000t\000e\000r\000m\000e\000d\000i\000o}{section.2.15}% 76
\BOOKMARK [2][-]{subsection.2.15.3}{\376\377\000L\000i\000v\000e\000l\000l\000o\000\040\000A\000v\000a\000n\000z\000a\000t\000o}{section.2.15}% 77
\BOOKMARK [1][-]{section.2.16}{\376\377\000R\000i\000e\000p\000i\000l\000o\000g\000o}{chapter.2}% 78
\BOOKMARK [1][-]{section.2.17}{\376\377\000A\000p\000p\000r\000o\000f\000o\000n\000d\000i\000m\000e\000n\000t\000i}{chapter.2}% 79
\BOOKMARK [0][-]{chapter.3}{\376\377\000O\000p\000e\000r\000a\000t\000o\000r\000i\000\040\000e\000d\000\040\000E\000s\000p\000r\000e\000s\000s\000i\000o\000n\000i}{}% 80
\BOOKMARK [1][-]{section.3.1}{\376\377\000I\000n\000t\000r\000o\000d\000u\000z\000i\000o\000n\000e\000\040\000a\000g\000l\000i\000\040\000O\000p\000e\000r\000a\000t\000o\000r\000i}{chapter.3}% 81
\BOOKMARK [1][-]{section.3.2}{\376\377\000O\000p\000e\000r\000a\000t\000o\000r\000i\000\040\000A\000r\000i\000t\000m\000e\000t\000i\000c\000i}{chapter.3}% 82
\BOOKMARK [2][-]{subsection.3.2.1}{\376\377\000O\000p\000e\000r\000a\000t\000o\000r\000i\000\040\000B\000i\000n\000a\000r\000i}{section.3.2}% 83
\BOOKMARK [2][-]{subsection.3.2.2}{\376\377\000O\000p\000e\000r\000a\000t\000o\000r\000i\000\040\000U\000n\000a\000r\000i}{section.3.2}% 84
\BOOKMARK [2][-]{subsection.3.2.3}{\376\377\000D\000i\000f\000f\000e\000r\000e\000n\000z\000a\000\040\000t\000r\000a\000\040\000P\000r\000e\000\040\000e\000\040\000P\000o\000s\000t\000\040\000I\000n\000c\000r\000e\000m\000e\000n\000t\000o}{section.3.2}% 85
\BOOKMARK [1][-]{section.3.3}{\376\377\000O\000p\000e\000r\000a\000t\000o\000r\000i\000\040\000d\000i\000\040\000A\000s\000s\000e\000g\000n\000a\000m\000e\000n\000t\000o}{chapter.3}% 86
\BOOKMARK [2][-]{subsection.3.3.1}{\376\377\000A\000s\000s\000e\000g\000n\000a\000m\000e\000n\000t\000o\000\040\000S\000e\000m\000p\000l\000i\000c\000e}{section.3.3}% 87
\BOOKMARK [2][-]{subsection.3.3.2}{\376\377\000O\000p\000e\000r\000a\000t\000o\000r\000i\000\040\000d\000i\000\040\000A\000s\000s\000e\000g\000n\000a\000m\000e\000n\000t\000o\000\040\000C\000o\000m\000p\000o\000s\000t\000o}{section.3.3}% 88
\BOOKMARK [1][-]{section.3.4}{\376\377\000O\000p\000e\000r\000a\000t\000o\000r\000i\000\040\000R\000e\000l\000a\000z\000i\000o\000n\000a\000l\000i}{chapter.3}% 89
\BOOKMARK [1][-]{section.3.5}{\376\377\000O\000p\000e\000r\000a\000t\000o\000r\000i\000\040\000L\000o\000g\000i\000c\000i}{chapter.3}% 90
\BOOKMARK [2][-]{subsection.3.5.1}{\376\377\000V\000a\000l\000u\000t\000a\000z\000i\000o\000n\000e\000\040\000i\000n\000\040\000C\000o\000r\000t\000o\000c\000i\000r\000c\000u\000i\000t\000o}{section.3.5}% 91
\BOOKMARK [1][-]{section.3.6}{\376\377\000O\000p\000e\000r\000a\000t\000o\000r\000i\000\040\000B\000i\000t\000\040\000a\000\040\000B\000i\000t}{chapter.3}% 92
\BOOKMARK [1][-]{section.3.7}{\376\377\000O\000p\000e\000r\000a\000t\000o\000r\000e\000\040\000T\000e\000r\000n\000a\000r\000i\000o}{chapter.3}% 93
\BOOKMARK [2][-]{subsection.3.7.1}{\376\377\000S\000i\000n\000t\000a\000s\000s\000i}{section.3.7}% 94
\BOOKMARK [2][-]{subsection.3.7.2}{\376\377\000E\000s\000e\000m\000p\000i}{section.3.7}% 95
\BOOKMARK [1][-]{section.3.8}{\376\377\000P\000r\000e\000c\000e\000d\000e\000n\000z\000a\000\040\000d\000e\000g\000l\000i\000\040\000O\000p\000e\000r\000a\000t\000o\000r\000i}{chapter.3}% 96
\BOOKMARK [2][-]{subsection.3.8.1}{\376\377\000T\000a\000b\000e\000l\000l\000a\000\040\000d\000i\000\040\000P\000r\000e\000c\000e\000d\000e\000n\000z\000a\000\040\000\050\000d\000a\000l\000\040\000p\000i\000\371\000\040\000a\000l\000t\000o\000\040\000a\000l\000\040\000p\000i\000\371\000\040\000b\000a\000s\000s\000o\000\051}{section.3.8}% 97
\BOOKMARK [2][-]{subsection.3.8.2}{\376\377\000E\000s\000e\000m\000p\000i\000\040\000d\000i\000\040\000P\000r\000e\000c\000e\000d\000e\000n\000z\000a}{section.3.8}% 98
\BOOKMARK [1][-]{section.3.9}{\376\377\000C\000o\000n\000v\000e\000r\000s\000i\000o\000n\000i\000\040\000d\000i\000\040\000T\000i\000p\000o}{chapter.3}% 99
\BOOKMARK [2][-]{subsection.3.9.1}{\376\377\000C\000o\000n\000v\000e\000r\000s\000i\000o\000n\000e\000\040\000I\000m\000p\000l\000i\000c\000i\000t\000a\000\040\000\050\000C\000a\000s\000t\000i\000n\000g\000\040\000A\000u\000t\000o\000m\000a\000t\000i\000c\000o\000\051}{section.3.9}% 100
\BOOKMARK [2][-]{subsection.3.9.2}{\376\377\000C\000o\000n\000v\000e\000r\000s\000i\000o\000n\000e\000\040\000E\000s\000p\000l\000i\000c\000i\000t\000a\000\040\000\050\000C\000a\000s\000t\000\051}{section.3.9}% 101
\BOOKMARK [1][-]{section.3.10}{\376\377\000E\000s\000p\000r\000e\000s\000s\000i\000o\000n\000i\000\040\000C\000o\000m\000p\000l\000e\000s\000s\000e}{chapter.3}% 102
\BOOKMARK [2][-]{subsection.3.10.1}{\376\377\000C\000o\000m\000b\000i\000n\000a\000z\000i\000o\000n\000e\000\040\000d\000i\000\040\000O\000p\000e\000r\000a\000t\000o\000r\000i}{section.3.10}% 103
\BOOKMARK [2][-]{subsection.3.10.2}{\376\377\000U\000s\000o\000\040\000d\000e\000l\000l\000'\000O\000p\000e\000r\000a\000t\000o\000r\000e\000\040\000s\000i\000z\000e\000o\000f}{section.3.10}% 104
\BOOKMARK [1][-]{section.3.11}{\376\377\000E\000r\000r\000o\000r\000i\000\040\000C\000o\000m\000u\000n\000i}{chapter.3}% 105
\BOOKMARK [2][-]{subsection.3.11.1}{\376\377\000C\000o\000n\000f\000u\000s\000i\000o\000n\000e\000\040\000t\000r\000a\000\040\000=\000\040\000e\000\040\000=\000=}{section.3.11}% 106
\BOOKMARK [2][-]{subsection.3.11.2}{\376\377\000D\000i\000v\000i\000s\000i\000o\000n\000e\000\040\000I\000n\000t\000e\000r\000a\000\040\000I\000n\000a\000s\000p\000e\000t\000t\000a\000t\000a}{section.3.11}% 107
\BOOKMARK [2][-]{subsection.3.11.3}{\376\377\000O\000v\000e\000r\000f\000l\000o\000w\000\040\000i\000n\000\040\000O\000p\000e\000r\000a\000z\000i\000o\000n\000i\000\040\000A\000r\000i\000t\000m\000e\000t\000i\000c\000h\000e}{section.3.11}% 108
\BOOKMARK [1][-]{section.3.12}{\376\377\000E\000s\000e\000r\000c\000i\000z\000i}{chapter.3}% 109
\BOOKMARK [2][-]{subsection.3.12.1}{\376\377\000L\000i\000v\000e\000l\000l\000o\000\040\000B\000a\000s\000e}{section.3.12}% 110
\BOOKMARK [2][-]{subsection.3.12.2}{\376\377\000L\000i\000v\000e\000l\000l\000o\000\040\000I\000n\000t\000e\000r\000m\000e\000d\000i\000o}{section.3.12}% 111
\BOOKMARK [2][-]{subsection.3.12.3}{\376\377\000L\000i\000v\000e\000l\000l\000o\000\040\000A\000v\000a\000n\000z\000a\000t\000o}{section.3.12}% 112
\BOOKMARK [0][-]{chapter.4}{\376\377\000C\000o\000n\000t\000r\000o\000l\000l\000o\000\040\000d\000i\000\040\000F\000l\000u\000s\000s\000o}{}% 113
\BOOKMARK [1][-]{section.4.1}{\376\377\000I\000n\000t\000r\000o\000d\000u\000z\000i\000o\000n\000e}{chapter.4}% 114
\BOOKMARK [2][-]{subsection.4.1.1}{\376\377\000O\000b\000i\000e\000t\000t\000i\000v\000i\000\040\000d\000i\000\040\000A\000p\000p\000r\000e\000n\000d\000i\000m\000e\000n\000t\000o}{section.4.1}% 115
\BOOKMARK [1][-]{section.4.2}{\376\377\000I\000s\000t\000r\000u\000z\000i\000o\000n\000i\000\040\000C\000o\000n\000d\000i\000z\000i\000o\000n\000a\000l\000i}{chapter.4}% 116
\BOOKMARK [2][-]{subsection.4.2.1}{\376\377\000I\000s\000t\000r\000u\000z\000i\000o\000n\000e\000\040\000i\000f}{section.4.2}% 117
\BOOKMARK [2][-]{subsection.4.2.2}{\376\377\000I\000s\000t\000r\000u\000z\000i\000o\000n\000e\000\040\000i\000f\000-\000e\000l\000s\000e}{section.4.2}% 118
\BOOKMARK [2][-]{subsection.4.2.3}{\376\377\000I\000s\000t\000r\000u\000z\000i\000o\000n\000e\000\040\000i\000f\000-\000e\000l\000s\000e\000\040\000i\000f\000-\000e\000l\000s\000e}{section.4.2}% 119
\BOOKMARK [2][-]{subsection.4.2.4}{\376\377\000i\000f\000\040\000A\000n\000n\000i\000d\000a\000t\000i}{section.4.2}% 120
\BOOKMARK [2][-]{subsection.4.2.5}{\376\377\000I\000s\000t\000r\000u\000z\000i\000o\000n\000e\000\040\000s\000w\000i\000t\000c\000h}{section.4.2}% 121
\BOOKMARK [1][-]{section.4.3}{\376\377\000C\000i\000c\000l\000i\000\040\000\050\000L\000o\000o\000p\000\051}{chapter.4}% 122
\BOOKMARK [2][-]{subsection.4.3.1}{\376\377\000C\000i\000c\000l\000o\000\040\000w\000h\000i\000l\000e}{section.4.3}% 123
\BOOKMARK [2][-]{subsection.4.3.2}{\376\377\000C\000i\000c\000l\000o\000\040\000d\000o\000-\000w\000h\000i\000l\000e}{section.4.3}% 124
\BOOKMARK [2][-]{subsection.4.3.3}{\376\377\000C\000i\000c\000l\000o\000\040\000f\000o\000r}{section.4.3}% 125
\BOOKMARK [1][-]{section.4.4}{\376\377\000I\000s\000t\000r\000u\000z\000i\000o\000n\000i\000\040\000d\000i\000\040\000C\000o\000n\000t\000r\000o\000l\000l\000o\000\040\000d\000e\000i\000\040\000C\000i\000c\000l\000i}{chapter.4}% 126
\BOOKMARK [2][-]{subsection.4.4.1}{\376\377\000I\000s\000t\000r\000u\000z\000i\000o\000n\000e\000\040\000b\000r\000e\000a\000k}{section.4.4}% 127
\BOOKMARK [2][-]{subsection.4.4.2}{\376\377\000I\000s\000t\000r\000u\000z\000i\000o\000n\000e\000\040\000c\000o\000n\000t\000i\000n\000u\000e}{section.4.4}% 128
\BOOKMARK [2][-]{subsection.4.4.3}{\376\377\000I\000s\000t\000r\000u\000z\000i\000o\000n\000e\000\040\000g\000o\000t\000o}{section.4.4}% 129
\BOOKMARK [1][-]{section.4.5}{\376\377\000C\000o\000n\000f\000r\000o\000n\000t\000o\000\040\000t\000r\000a\000\040\000i\000\040\000C\000i\000c\000l\000i}{chapter.4}% 130
\BOOKMARK [2][-]{subsection.4.5.1}{\376\377\000Q\000u\000a\000n\000d\000o\000\040\000u\000s\000a\000r\000e\000\040\000q\000u\000a\000l\000e\000\040\000c\000i\000c\000l\000o}{section.4.5}% 131
\BOOKMARK [2][-]{subsection.4.5.2}{\376\377\000E\000q\000u\000i\000v\000a\000l\000e\000n\000z\000a\000\040\000t\000r\000a\000\040\000i\000\040\000C\000i\000c\000l\000i}{section.4.5}% 132
\BOOKMARK [1][-]{section.4.6}{\376\377\000E\000s\000e\000m\000p\000i\000\040\000C\000o\000m\000p\000l\000e\000t\000i}{chapter.4}% 133
\BOOKMARK [2][-]{subsection.4.6.1}{\376\377\000C\000a\000l\000c\000o\000l\000a\000t\000r\000i\000c\000e\000\040\000c\000o\000n\000\040\000M\000e\000n\000u}{section.4.6}% 134
\BOOKMARK [2][-]{subsection.4.6.2}{\376\377\000G\000i\000o\000c\000o\000:\000\040\000I\000n\000d\000o\000v\000i\000n\000a\000\040\000i\000l\000\040\000N\000u\000m\000e\000r\000o}{section.4.6}% 135
\BOOKMARK [1][-]{section.4.7}{\376\377\000E\000s\000e\000r\000c\000i\000z\000i}{chapter.4}% 136
\BOOKMARK [2][-]{subsection.4.7.1}{\376\377\000L\000i\000v\000e\000l\000l\000o\000\040\000B\000a\000s\000e}{section.4.7}% 137
\BOOKMARK [2][-]{subsection.4.7.2}{\376\377\000L\000i\000v\000e\000l\000l\000o\000\040\000I\000n\000t\000e\000r\000m\000e\000d\000i\000o}{section.4.7}% 138
\BOOKMARK [2][-]{subsection.4.7.3}{\376\377\000L\000i\000v\000e\000l\000l\000o\000\040\000A\000v\000a\000n\000z\000a\000t\000o}{section.4.7}% 139
\BOOKMARK [0][-]{chapter.5}{\376\377\000F\000u\000n\000z\000i\000o\000n\000i}{}% 140
\BOOKMARK [1][-]{section.5.1}{\376\377\000I\000n\000t\000r\000o\000d\000u\000z\000i\000o\000n\000e\000\040\000a\000l\000l\000e\000\040\000F\000u\000n\000z\000i\000o\000n\000i}{chapter.5}% 141
\BOOKMARK [2][-]{subsection.5.1.1}{\376\377\000O\000b\000i\000e\000t\000t\000i\000v\000i\000\040\000d\000i\000\040\000a\000p\000p\000r\000e\000n\000d\000i\000m\000e\000n\000t\000o}{section.5.1}% 142
\BOOKMARK [1][-]{section.5.2}{\376\377\000D\000e\000f\000i\000n\000i\000z\000i\000o\000n\000e\000\040\000d\000i\000\040\000u\000n\000a\000\040\000F\000u\000n\000z\000i\000o\000n\000e}{chapter.5}% 143
\BOOKMARK [2][-]{subsection.5.2.1}{\376\377\000S\000i\000n\000t\000a\000s\000s\000i}{section.5.2}% 144
\BOOKMARK [2][-]{subsection.5.2.2}{\376\377\000C\000o\000m\000p\000o\000n\000e\000n\000t\000i\000\040\000d\000i\000\040\000u\000n\000a\000\040\000F\000u\000n\000z\000i\000o\000n\000e}{section.5.2}% 145
\BOOKMARK [2][-]{subsection.5.2.3}{\376\377\000E\000s\000e\000m\000p\000i\000o\000\040\000S\000e\000m\000p\000l\000i\000c\000e}{section.5.2}% 146
\BOOKMARK [1][-]{section.5.3}{\376\377\000P\000a\000r\000a\000m\000e\000t\000r\000i\000\040\000e\000\040\000A\000r\000g\000o\000m\000e\000n\000t\000i}{chapter.5}% 147
\BOOKMARK [2][-]{subsection.5.3.1}{\376\377\000F\000u\000n\000z\000i\000o\000n\000i\000\040\000c\000o\000n\000\040\000P\000a\000r\000a\000m\000e\000t\000r\000i}{section.5.3}% 148
\BOOKMARK [2][-]{subsection.5.3.2}{\376\377\000P\000a\000s\000s\000a\000g\000g\000i\000o\000\040\000p\000e\000r\000\040\000V\000a\000l\000o\000r\000e}{section.5.3}% 149
\BOOKMARK [1][-]{section.5.4}{\376\377\000V\000a\000l\000o\000r\000e\000\040\000d\000i\000\040\000R\000i\000t\000o\000r\000n\000o}{chapter.5}% 150
\BOOKMARK [2][-]{subsection.5.4.1}{\376\377\000F\000u\000n\000z\000i\000o\000n\000i\000\040\000c\000h\000e\000\040\000R\000e\000s\000t\000i\000t\000u\000i\000s\000c\000o\000n\000o\000\040\000u\000n\000\040\000V\000a\000l\000o\000r\000e}{section.5.4}% 151
\BOOKMARK [2][-]{subsection.5.4.2}{\376\377\000F\000u\000n\000z\000i\000o\000n\000i\000\040\000v\000o\000i\000d}{section.5.4}% 152
\BOOKMARK [1][-]{section.5.5}{\376\377\000D\000i\000c\000h\000i\000a\000r\000a\000z\000i\000o\000n\000e\000\040\000e\000\040\000P\000r\000o\000t\000o\000t\000i\000p\000o}{chapter.5}% 153
\BOOKMARK [2][-]{subsection.5.5.1}{\376\377\000P\000r\000o\000t\000o\000t\000i\000p\000o\000\040\000d\000i\000\040\000F\000u\000n\000z\000i\000o\000n\000e}{section.5.5}% 154
\BOOKMARK [1][-]{section.5.6}{\376\377\000F\000u\000n\000z\000i\000o\000n\000i\000\040\000R\000i\000c\000o\000r\000s\000i\000v\000e}{chapter.5}% 155
\BOOKMARK [2][-]{subsection.5.6.1}{\376\377\000F\000a\000t\000t\000o\000r\000i\000a\000l\000e\000\040\000R\000i\000c\000o\000r\000s\000i\000v\000o}{section.5.6}% 156
\BOOKMARK [2][-]{subsection.5.6.2}{\376\377\000F\000i\000b\000o\000n\000a\000c\000c\000i\000\040\000R\000i\000c\000o\000r\000s\000i\000v\000o}{section.5.6}% 157
\BOOKMARK [1][-]{section.5.7}{\376\377\000A\000m\000b\000i\000t\000o\000\040\000d\000e\000l\000l\000e\000\040\000V\000a\000r\000i\000a\000b\000i\000l\000i\000\040\000\050\000S\000c\000o\000p\000e\000\051}{chapter.5}% 158
\BOOKMARK [2][-]{subsection.5.7.1}{\376\377\000V\000a\000r\000i\000a\000b\000i\000l\000i\000\040\000L\000o\000c\000a\000l\000i}{section.5.7}% 159
\BOOKMARK [2][-]{subsection.5.7.2}{\376\377\000V\000a\000r\000i\000a\000b\000i\000l\000i\000\040\000G\000l\000o\000b\000a\000l\000i}{section.5.7}% 160
\BOOKMARK [2][-]{subsection.5.7.3}{\376\377\000V\000a\000r\000i\000a\000b\000i\000l\000i\000\040\000S\000t\000a\000t\000i\000c}{section.5.7}% 161
\BOOKMARK [1][-]{section.5.8}{\376\377\000E\000s\000e\000m\000p\000i\000\040\000P\000r\000a\000t\000i\000c\000i}{chapter.5}% 162
\BOOKMARK [2][-]{subsection.5.8.1}{\376\377\000C\000a\000l\000c\000o\000l\000a\000t\000r\000i\000c\000e\000\040\000c\000o\000n\000\040\000F\000u\000n\000z\000i\000o\000n\000i}{section.5.8}% 163
\BOOKMARK [2][-]{subsection.5.8.2}{\376\377\000F\000u\000n\000z\000i\000o\000n\000i\000\040\000M\000a\000t\000e\000m\000a\000t\000i\000c\000h\000e}{section.5.8}% 164
\BOOKMARK [1][-]{section.5.9}{\376\377\000B\000u\000o\000n\000e\000\040\000P\000r\000a\000t\000i\000c\000h\000e}{chapter.5}% 165
\BOOKMARK [2][-]{subsection.5.9.1}{\376\377\000N\000o\000m\000i\000\040\000D\000e\000s\000c\000r\000i\000t\000t\000i\000v\000i}{section.5.9}% 166
\BOOKMARK [2][-]{subsection.5.9.2}{\376\377\000F\000u\000n\000z\000i\000o\000n\000i\000\040\000P\000i\000c\000c\000o\000l\000e\000\040\000e\000\040\000F\000o\000c\000a\000l\000i\000z\000z\000a\000t\000e}{section.5.9}% 167
\BOOKMARK [2][-]{subsection.5.9.3}{\376\377\000D\000o\000c\000u\000m\000e\000n\000t\000a\000z\000i\000o\000n\000e}{section.5.9}% 168
\BOOKMARK [1][-]{section.5.10}{\376\377\000E\000s\000e\000r\000c\000i\000z\000i}{chapter.5}% 169
\BOOKMARK [2][-]{subsection.5.10.1}{\376\377\000L\000i\000v\000e\000l\000l\000o\000\040\000B\000a\000s\000e}{section.5.10}% 170
\BOOKMARK [2][-]{subsection.5.10.2}{\376\377\000L\000i\000v\000e\000l\000l\000o\000\040\000I\000n\000t\000e\000r\000m\000e\000d\000i\000o}{section.5.10}% 171
\BOOKMARK [2][-]{subsection.5.10.3}{\376\377\000L\000i\000v\000e\000l\000l\000o\000\040\000A\000v\000a\000n\000z\000a\000t\000o}{section.5.10}% 172
\BOOKMARK [0][-]{chapter.6}{\376\377\000A\000r\000r\000a\000y}{}% 173
\BOOKMARK [1][-]{section.6.1}{\376\377\000I\000n\000t\000r\000o\000d\000u\000z\000i\000o\000n\000e\000\040\000a\000g\000l\000i\000\040\000A\000r\000r\000a\000y}{chapter.6}% 174
\BOOKMARK [2][-]{subsection.6.1.1}{\376\377\000O\000b\000i\000e\000t\000t\000i\000v\000i\000\040\000d\000i\000\040\000A\000p\000p\000r\000e\000n\000d\000i\000m\000e\000n\000t\000o}{section.6.1}% 175
\BOOKMARK [2][-]{subsection.6.1.2}{\376\377\000C\000a\000r\000a\000t\000t\000e\000r\000i\000s\000t\000i\000c\000h\000e\000\040\000d\000e\000g\000l\000i\000\040\000A\000r\000r\000a\000y}{section.6.1}% 176
\BOOKMARK [1][-]{section.6.2}{\376\377\000D\000i\000c\000h\000i\000a\000r\000a\000z\000i\000o\000n\000e\000\040\000e\000\040\000I\000n\000i\000z\000i\000a\000l\000i\000z\000z\000a\000z\000i\000o\000n\000e}{chapter.6}% 177
\BOOKMARK [2][-]{subsection.6.2.1}{\376\377\000S\000i\000n\000t\000a\000s\000s\000i\000\040\000B\000a\000s\000e}{section.6.2}% 178
\BOOKMARK [2][-]{subsection.6.2.2}{\376\377\000E\000s\000e\000m\000p\000i\000\040\000d\000i\000\040\000D\000i\000c\000h\000i\000a\000r\000a\000z\000i\000o\000n\000e}{section.6.2}% 179
\BOOKMARK [1][-]{section.6.3}{\376\377\000A\000c\000c\000e\000s\000s\000o\000\040\000a\000g\000l\000i\000\040\000E\000l\000e\000m\000e\000n\000t\000i}{chapter.6}% 180
\BOOKMARK [2][-]{subsection.6.3.1}{\376\377\000L\000e\000t\000t\000u\000r\000a\000\040\000e\000\040\000S\000c\000r\000i\000t\000t\000u\000r\000a}{section.6.3}% 181
\BOOKMARK [2][-]{subsection.6.3.2}{\376\377\000E\000s\000e\000m\000p\000i\000o\000\040\000d\000i\000\040\000E\000r\000r\000o\000r\000e}{section.6.3}% 182
\BOOKMARK [1][-]{section.6.4}{\376\377\000A\000t\000t\000r\000a\000v\000e\000r\000s\000a\000m\000e\000n\000t\000o\000\040\000d\000i\000\040\000u\000n\000\040\000A\000r\000r\000a\000y}{chapter.6}% 183
\BOOKMARK [2][-]{subsection.6.4.1}{\376\377\000U\000s\000o\000\040\000d\000e\000l\000\040\000C\000i\000c\000l\000o\000\040\000f\000o\000r}{section.6.4}% 184
\BOOKMARK [2][-]{subsection.6.4.2}{\376\377\000D\000i\000m\000e\000n\000s\000i\000o\000n\000e\000\040\000D\000i\000n\000a\000m\000i\000c\000a}{section.6.4}% 185
\BOOKMARK [1][-]{section.6.5}{\376\377\000I\000n\000p\000u\000t\000\040\000e\000\040\000O\000u\000t\000p\000u\000t\000\040\000d\000i\000\040\000A\000r\000r\000a\000y}{chapter.6}% 186
\BOOKMARK [2][-]{subsection.6.5.1}{\376\377\000L\000e\000t\000t\000u\000r\000a\000\040\000d\000a\000\040\000T\000a\000s\000t\000i\000e\000r\000a}{section.6.5}% 187
\BOOKMARK [1][-]{section.6.6}{\376\377\000O\000p\000e\000r\000a\000z\000i\000o\000n\000i\000\040\000s\000u\000g\000l\000i\000\040\000A\000r\000r\000a\000y}{chapter.6}% 188
\BOOKMARK [2][-]{subsection.6.6.1}{\376\377\000R\000i\000c\000e\000r\000c\000a\000\040\000d\000e\000l\000\040\000M\000a\000s\000s\000i\000m\000o\000\040\000e\000\040\000d\000e\000l\000\040\000M\000i\000n\000i\000m\000o}{section.6.6}% 189
\BOOKMARK [2][-]{subsection.6.6.2}{\376\377\000R\000i\000c\000e\000r\000c\000a\000\040\000d\000i\000\040\000u\000n\000\040\000E\000l\000e\000m\000e\000n\000t\000o}{section.6.6}% 190
\BOOKMARK [2][-]{subsection.6.6.3}{\376\377\000I\000n\000v\000e\000r\000s\000i\000o\000n\000e\000\040\000d\000i\000\040\000u\000n\000\040\000A\000r\000r\000a\000y}{section.6.6}% 191
\BOOKMARK [2][-]{subsection.6.6.4}{\376\377\000C\000o\000p\000i\000a\000\040\000d\000i\000\040\000u\000n\000\040\000A\000r\000r\000a\000y}{section.6.6}% 192
\BOOKMARK [1][-]{section.6.7}{\376\377\000A\000r\000r\000a\000y\000\040\000e\000\040\000F\000u\000n\000z\000i\000o\000n\000i}{chapter.6}% 193
\BOOKMARK [2][-]{subsection.6.7.1}{\376\377\000P\000a\000s\000s\000a\000g\000g\000i\000o\000\040\000d\000i\000\040\000A\000r\000r\000a\000y\000\040\000a\000\040\000F\000u\000n\000z\000i\000o\000n\000i}{section.6.7}% 194
\BOOKMARK [1][-]{section.6.8}{\376\377\000A\000r\000r\000a\000y\000\040\000M\000u\000l\000t\000i\000d\000i\000m\000e\000n\000s\000i\000o\000n\000a\000l\000i}{chapter.6}% 195
\BOOKMARK [2][-]{subsection.6.8.1}{\376\377\000A\000r\000r\000a\000y\000\040\000B\000i\000d\000i\000m\000e\000n\000s\000i\000o\000n\000a\000l\000i\000\040\000\050\000M\000a\000t\000r\000i\000c\000i\000\051}{section.6.8}% 196
\BOOKMARK [2][-]{subsection.6.8.2}{\376\377\000O\000p\000e\000r\000a\000z\000i\000o\000n\000i\000\040\000s\000u\000\040\000M\000a\000t\000r\000i\000c\000i}{section.6.8}% 197
\BOOKMARK [1][-]{section.6.9}{\376\377\000A\000l\000g\000o\000r\000i\000t\000m\000i\000\040\000d\000i\000\040\000O\000r\000d\000i\000n\000a\000m\000e\000n\000t\000o}{chapter.6}% 198
\BOOKMARK [2][-]{subsection.6.9.1}{\376\377\000B\000u\000b\000b\000l\000e\000\040\000S\000o\000r\000t}{section.6.9}% 199
\BOOKMARK [2][-]{subsection.6.9.2}{\376\377\000S\000e\000l\000e\000c\000t\000i\000o\000n\000\040\000S\000o\000r\000t}{section.6.9}% 200
\BOOKMARK [1][-]{section.6.10}{\376\377\000E\000s\000e\000m\000p\000i\000\040\000P\000r\000a\000t\000i\000c\000i}{chapter.6}% 201
\BOOKMARK [2][-]{subsection.6.10.1}{\376\377\000S\000t\000a\000t\000i\000s\000t\000i\000c\000h\000e\000\040\000s\000u\000\040\000u\000n\000\040\000A\000r\000r\000a\000y}{section.6.10}% 202
\BOOKMARK [2][-]{subsection.6.10.2}{\376\377\000R\000i\000m\000o\000z\000i\000o\000n\000e\000\040\000D\000u\000p\000l\000i\000c\000a\000t\000i}{section.6.10}% 203
\BOOKMARK [1][-]{section.6.11}{\376\377\000E\000s\000e\000r\000c\000i\000z\000i}{chapter.6}% 204
\BOOKMARK [2][-]{subsection.6.11.1}{\376\377\000L\000i\000v\000e\000l\000l\000o\000\040\000B\000a\000s\000e}{section.6.11}% 205
\BOOKMARK [2][-]{subsection.6.11.2}{\376\377\000L\000i\000v\000e\000l\000l\000o\000\040\000I\000n\000t\000e\000r\000m\000e\000d\000i\000o}{section.6.11}% 206
\BOOKMARK [2][-]{subsection.6.11.3}{\376\377\000L\000i\000v\000e\000l\000l\000o\000\040\000A\000v\000a\000n\000z\000a\000t\000o}{section.6.11}% 207
\BOOKMARK [0][-]{chapter.7}{\376\377\000P\000u\000n\000t\000a\000t\000o\000r\000i}{}% 208
\BOOKMARK [1][-]{section.7.1}{\376\377\000I\000n\000t\000r\000o\000d\000u\000z\000i\000o\000n\000e\000\040\000a\000i\000\040\000P\000u\000n\000t\000a\000t\000o\000r\000i}{chapter.7}% 209
\BOOKMARK [2][-]{subsection.7.1.1}{\376\377\000O\000b\000i\000e\000t\000t\000i\000v\000i\000\040\000d\000i\000\040\000A\000p\000p\000r\000e\000n\000d\000i\000m\000e\000n\000t\000o}{section.7.1}% 210
\BOOKMARK [2][-]{subsection.7.1.2}{\376\377\000P\000e\000r\000c\000h\000\351\000\040\000U\000s\000a\000r\000e\000\040\000i\000\040\000P\000u\000n\000t\000a\000t\000o\000r\000i\000?}{section.7.1}% 211
\BOOKMARK [1][-]{section.7.2}{\376\377\000C\000o\000n\000c\000e\000t\000t\000i\000\040\000F\000o\000n\000d\000a\000m\000e\000n\000t\000a\000l\000i}{chapter.7}% 212
\BOOKMARK [2][-]{subsection.7.2.1}{\376\377\000I\000n\000d\000i\000r\000i\000z\000z\000i\000\040\000d\000i\000\040\000M\000e\000m\000o\000r\000i\000a}{section.7.2}% 213
\BOOKMARK [2][-]{subsection.7.2.2}{\376\377\000O\000p\000e\000r\000a\000t\000o\000r\000i\000\040\000d\000e\000i\000\040\000P\000u\000n\000t\000a\000t\000o\000r\000i}{section.7.2}% 214
\BOOKMARK [1][-]{section.7.3}{\376\377\000D\000i\000c\000h\000i\000a\000r\000a\000z\000i\000o\000n\000e\000\040\000e\000\040\000I\000n\000i\000z\000i\000a\000l\000i\000z\000z\000a\000z\000i\000o\000n\000e}{chapter.7}% 215
\BOOKMARK [2][-]{subsection.7.3.1}{\376\377\000S\000i\000n\000t\000a\000s\000s\000i}{section.7.3}% 216
\BOOKMARK [2][-]{subsection.7.3.2}{\376\377\000E\000s\000e\000m\000p\000i}{section.7.3}% 217
\BOOKMARK [2][-]{subsection.7.3.3}{\376\377\000I\000n\000i\000z\000i\000a\000l\000i\000z\000z\000a\000z\000i\000o\000n\000e\000\040\000D\000i\000r\000e\000t\000t\000a}{section.7.3}% 218
\BOOKMARK [1][-]{section.7.4}{\376\377\000D\000e\000r\000e\000f\000e\000r\000e\000n\000z\000i\000a\000z\000i\000o\000n\000e}{chapter.7}% 219
\BOOKMARK [1][-]{section.7.5}{\376\377\000P\000u\000n\000t\000a\000t\000o\000r\000i\000\040\000e\000\040\000F\000u\000n\000z\000i\000o\000n\000i}{chapter.7}% 220
\BOOKMARK [2][-]{subsection.7.5.1}{\376\377\000P\000a\000s\000s\000a\000g\000g\000i\000o\000\040\000p\000e\000r\000\040\000R\000i\000f\000e\000r\000i\000m\000e\000n\000t\000o}{section.7.5}% 221
\BOOKMARK [2][-]{subsection.7.5.2}{\376\377\000S\000c\000a\000m\000b\000i\000o\000\040\000d\000i\000\040\000V\000a\000l\000o\000r\000i}{section.7.5}% 222
\BOOKMARK [2][-]{subsection.7.5.3}{\376\377\000R\000i\000t\000o\000r\000n\000o\000\040\000d\000i\000\040\000V\000a\000l\000o\000r\000i\000\040\000M\000u\000l\000t\000i\000p\000l\000i}{section.7.5}% 223
\BOOKMARK [1][-]{section.7.6}{\376\377\000P\000u\000n\000t\000a\000t\000o\000r\000i\000\040\000e\000\040\000A\000r\000r\000a\000y}{chapter.7}% 224
\BOOKMARK [2][-]{subsection.7.6.1}{\376\377\000R\000e\000l\000a\000z\000i\000o\000n\000e\000\040\000t\000r\000a\000\040\000A\000r\000r\000a\000y\000\040\000e\000\040\000P\000u\000n\000t\000a\000t\000o\000r\000i}{section.7.6}% 225
\BOOKMARK [2][-]{subsection.7.6.2}{\376\377\000A\000r\000i\000t\000m\000e\000t\000i\000c\000a\000\040\000d\000e\000i\000\040\000P\000u\000n\000t\000a\000t\000o\000r\000i}{section.7.6}% 226
\BOOKMARK [2][-]{subsection.7.6.3}{\376\377\000P\000a\000s\000s\000a\000g\000g\000i\000o\000\040\000d\000i\000\040\000A\000r\000r\000a\000y\000\040\000a\000\040\000F\000u\000n\000z\000i\000o\000n\000i\000\040\000c\000o\000n\000\040\000P\000u\000n\000t\000a\000t\000o\000r\000i}{section.7.6}% 227
\BOOKMARK [1][-]{section.7.7}{\376\377\000P\000u\000n\000t\000a\000t\000o\000r\000i\000\040\000a\000\040\000P\000u\000n\000t\000a\000t\000o\000r\000i}{chapter.7}% 228
\BOOKMARK [1][-]{section.7.8}{\376\377\000P\000u\000n\000t\000a\000t\000o\000r\000i\000\040\000v\000o\000i\000d}{chapter.7}% 229
\BOOKMARK [1][-]{section.7.9}{\376\377\000P\000u\000n\000t\000a\000t\000o\000r\000i\000\040\000C\000o\000s\000t\000a\000n\000t\000i}{chapter.7}% 230
\BOOKMARK [2][-]{subsection.7.9.1}{\376\377\000T\000i\000p\000i\000\040\000d\000i\000\040\000C\000o\000s\000t\000a\000n\000t\000i}{section.7.9}% 231
\BOOKMARK [1][-]{section.7.10}{\376\377\000P\000u\000n\000t\000a\000t\000o\000r\000e\000\040\000N\000U\000L\000L}{chapter.7}% 232
\BOOKMARK [1][-]{section.7.11}{\376\377\000A\000l\000l\000o\000c\000a\000z\000i\000o\000n\000e\000\040\000D\000i\000n\000a\000m\000i\000c\000a\000\040\000d\000e\000l\000l\000a\000\040\000M\000e\000m\000o\000r\000i\000a}{chapter.7}% 233
\BOOKMARK [2][-]{subsection.7.11.1}{\376\377\000m\000a\000l\000l\000o\000c}{section.7.11}% 234
\BOOKMARK [2][-]{subsection.7.11.2}{\376\377\000c\000a\000l\000l\000o\000c}{section.7.11}% 235
\BOOKMARK [2][-]{subsection.7.11.3}{\376\377\000r\000e\000a\000l\000l\000o\000c}{section.7.11}% 236
\BOOKMARK [1][-]{section.7.12}{\376\377\000E\000r\000r\000o\000r\000i\000\040\000C\000o\000m\000u\000n\000i\000\040\000c\000o\000n\000\040\000i\000\040\000P\000u\000n\000t\000a\000t\000o\000r\000i}{chapter.7}% 237
\BOOKMARK [2][-]{subsection.7.12.1}{\376\377\000P\000u\000n\000t\000a\000t\000o\000r\000e\000\040\000N\000o\000n\000\040\000I\000n\000i\000z\000i\000a\000l\000i\000z\000z\000a\000t\000o}{section.7.12}% 238
\BOOKMARK [2][-]{subsection.7.12.2}{\376\377\000D\000e\000r\000e\000f\000e\000r\000e\000n\000z\000i\000a\000z\000i\000o\000n\000e\000\040\000d\000i\000\040\000N\000U\000L\000L}{section.7.12}% 239
\BOOKMARK [2][-]{subsection.7.12.3}{\376\377\000M\000e\000m\000o\000r\000y\000\040\000L\000e\000a\000k}{section.7.12}% 240
\BOOKMARK [2][-]{subsection.7.12.4}{\376\377\000D\000a\000n\000g\000l\000i\000n\000g\000\040\000P\000o\000i\000n\000t\000e\000r}{section.7.12}% 241
\BOOKMARK [1][-]{section.7.13}{\376\377\000E\000s\000e\000m\000p\000i\000\040\000P\000r\000a\000t\000i\000c\000i}{chapter.7}% 242
\BOOKMARK [2][-]{subsection.7.13.1}{\376\377\000L\000i\000s\000t\000a\000\040\000D\000i\000n\000a\000m\000i\000c\000a\000\040\000d\000i\000\040\000N\000u\000m\000e\000r\000i}{section.7.13}% 243
\BOOKMARK [1][-]{section.7.14}{\376\377\000E\000s\000e\000r\000c\000i\000z\000i}{chapter.7}% 244
\BOOKMARK [2][-]{subsection.7.14.1}{\376\377\000L\000i\000v\000e\000l\000l\000o\000\040\000B\000a\000s\000e}{section.7.14}% 245
\BOOKMARK [2][-]{subsection.7.14.2}{\376\377\000L\000i\000v\000e\000l\000l\000o\000\040\000I\000n\000t\000e\000r\000m\000e\000d\000i\000o}{section.7.14}% 246
\BOOKMARK [2][-]{subsection.7.14.3}{\376\377\000L\000i\000v\000e\000l\000l\000o\000\040\000A\000v\000a\000n\000z\000a\000t\000o}{section.7.14}% 247
\BOOKMARK [0][-]{chapter.8}{\376\377\000S\000t\000r\000i\000n\000g\000h\000e}{}% 248
\BOOKMARK [1][-]{section.8.1}{\376\377\000I\000n\000t\000r\000o\000d\000u\000z\000i\000o\000n\000e\000\040\000a\000l\000l\000e\000\040\000S\000t\000r\000i\000n\000g\000h\000e}{chapter.8}% 249
\BOOKMARK [2][-]{subsection.8.1.1}{\376\377\000O\000b\000i\000e\000t\000t\000i\000v\000i\000\040\000d\000i\000\040\000A\000p\000p\000r\000e\000n\000d\000i\000m\000e\000n\000t\000o}{section.8.1}% 250
\BOOKMARK [2][-]{subsection.8.1.2}{\376\377\000C\000a\000r\000a\000t\000t\000e\000r\000i\000s\000t\000i\000c\000h\000e\000\040\000d\000e\000l\000l\000e\000\040\000S\000t\000r\000i\000n\000g\000h\000e}{section.8.1}% 251
\BOOKMARK [1][-]{section.8.2}{\376\377\000D\000i\000c\000h\000i\000a\000r\000a\000z\000i\000o\000n\000e\000\040\000e\000\040\000I\000n\000i\000z\000i\000a\000l\000i\000z\000z\000a\000z\000i\000o\000n\000e}{chapter.8}% 252
\BOOKMARK [2][-]{subsection.8.2.1}{\376\377\000M\000o\000d\000i\000\040\000d\000i\000\040\000D\000i\000c\000h\000i\000a\000r\000a\000r\000e\000\040\000S\000t\000r\000i\000n\000g\000h\000e}{section.8.2}% 253
\BOOKMARK [2][-]{subsection.8.2.2}{\376\377\000D\000i\000f\000f\000e\000r\000e\000n\000z\000a\000\040\000t\000r\000a\000\040\000A\000r\000r\000a\000y\000\040\000e\000\040\000P\000u\000n\000t\000a\000t\000o\000r\000e}{section.8.2}% 254
\BOOKMARK [1][-]{section.8.3}{\376\377\000I\000n\000p\000u\000t\000\040\000e\000\040\000O\000u\000t\000p\000u\000t\000\040\000d\000i\000\040\000S\000t\000r\000i\000n\000g\000h\000e}{chapter.8}% 255
\BOOKMARK [2][-]{subsection.8.3.1}{\376\377\000F\000u\000n\000z\000i\000o\000n\000i\000\040\000d\000i\000\040\000I\000/\000O}{section.8.3}% 256
\BOOKMARK [2][-]{subsection.8.3.2}{\376\377\000C\000a\000r\000a\000t\000t\000e\000r\000e\000\040\000p\000e\000r\000\040\000C\000a\000r\000a\000t\000t\000e\000r\000e}{section.8.3}% 257
\BOOKMARK [1][-]{section.8.4}{\376\377\000F\000u\000n\000z\000i\000o\000n\000i\000\040\000S\000t\000a\000n\000d\000a\000r\000d\000\040\000p\000e\000r\000\040\000S\000t\000r\000i\000n\000g\000h\000e}{chapter.8}% 258
\BOOKMARK [2][-]{subsection.8.4.1}{\376\377\000s\000t\000r\000l\000e\000n\000\040\000-\000\040\000L\000u\000n\000g\000h\000e\000z\000z\000a\000\040\000d\000e\000l\000l\000a\000\040\000S\000t\000r\000i\000n\000g\000a}{section.8.4}% 259
\BOOKMARK [2][-]{subsection.8.4.2}{\376\377\000s\000t\000r\000c\000p\000y\000\040\000-\000\040\000C\000o\000p\000i\000a\000\040\000d\000i\000\040\000S\000t\000r\000i\000n\000g\000h\000e}{section.8.4}% 260
\BOOKMARK [2][-]{subsection.8.4.3}{\376\377\000s\000t\000r\000c\000a\000t\000\040\000-\000\040\000C\000o\000n\000c\000a\000t\000e\000n\000a\000z\000i\000o\000n\000e}{section.8.4}% 261
\BOOKMARK [2][-]{subsection.8.4.4}{\376\377\000s\000t\000r\000c\000m\000p\000\040\000-\000\040\000C\000o\000n\000f\000r\000o\000n\000t\000o\000\040\000d\000i\000\040\000S\000t\000r\000i\000n\000g\000h\000e}{section.8.4}% 262
\BOOKMARK [2][-]{subsection.8.4.5}{\376\377\000A\000l\000t\000r\000e\000\040\000F\000u\000n\000z\000i\000o\000n\000i\000\040\000U\000t\000i\000l\000i}{section.8.4}% 263
\BOOKMARK [1][-]{section.8.5}{\376\377\000M\000a\000n\000i\000p\000o\000l\000a\000z\000i\000o\000n\000e\000\040\000d\000i\000\040\000S\000t\000r\000i\000n\000g\000h\000e}{chapter.8}% 264
\BOOKMARK [2][-]{subsection.8.5.1}{\376\377\000C\000o\000n\000v\000e\000r\000s\000i\000o\000n\000e\000\040\000M\000a\000i\000u\000s\000c\000o\000l\000o\000/\000M\000i\000n\000u\000s\000c\000o\000l\000o}{section.8.5}% 265
\BOOKMARK [2][-]{subsection.8.5.2}{\376\377\000I\000n\000v\000e\000r\000s\000i\000o\000n\000e\000\040\000d\000i\000\040\000u\000n\000a\000\040\000S\000t\000r\000i\000n\000g\000a}{section.8.5}% 266
\BOOKMARK [2][-]{subsection.8.5.3}{\376\377\000R\000i\000m\000o\000z\000i\000o\000n\000e\000\040\000d\000e\000g\000l\000i\000\040\000S\000p\000a\000z\000i}{section.8.5}% 267
\BOOKMARK [2][-]{subsection.8.5.4}{\376\377\000C\000o\000n\000t\000a\000\040\000P\000a\000r\000o\000l\000e}{section.8.5}% 268
\BOOKMARK [1][-]{section.8.6}{\376\377\000A\000r\000r\000a\000y\000\040\000d\000i\000\040\000S\000t\000r\000i\000n\000g\000h\000e}{chapter.8}% 269
\BOOKMARK [2][-]{subsection.8.6.1}{\376\377\000A\000r\000r\000a\000y\000\040\000B\000i\000d\000i\000m\000e\000n\000s\000i\000o\000n\000a\000l\000e\000\040\000d\000i\000\040\000c\000h\000a\000r}{section.8.6}% 270
\BOOKMARK [2][-]{subsection.8.6.2}{\376\377\000A\000r\000r\000a\000y\000\040\000d\000i\000\040\000P\000u\000n\000t\000a\000t\000o\000r\000i\000\040\000a\000\040\000S\000t\000r\000i\000n\000g\000h\000e}{section.8.6}% 271
\BOOKMARK [1][-]{section.8.7}{\376\377\000C\000o\000n\000v\000e\000r\000s\000i\000o\000n\000i\000\040\000t\000r\000a\000\040\000S\000t\000r\000i\000n\000g\000h\000e\000\040\000e\000\040\000N\000u\000m\000e\000r\000i}{chapter.8}% 272
\BOOKMARK [2][-]{subsection.8.7.1}{\376\377\000D\000a\000\040\000S\000t\000r\000i\000n\000g\000a\000\040\000a\000\040\000N\000u\000m\000e\000r\000o}{section.8.7}% 273
\BOOKMARK [2][-]{subsection.8.7.2}{\376\377\000D\000a\000\040\000N\000u\000m\000e\000r\000o\000\040\000a\000\040\000S\000t\000r\000i\000n\000g\000a}{section.8.7}% 274
\BOOKMARK [1][-]{section.8.8}{\376\377\000T\000o\000k\000e\000n\000i\000z\000z\000a\000z\000i\000o\000n\000e\000\040\000d\000i\000\040\000S\000t\000r\000i\000n\000g\000h\000e}{chapter.8}% 275
\BOOKMARK [2][-]{subsection.8.8.1}{\376\377\000U\000s\000o\000\040\000d\000i\000\040\000s\000t\000r\000t\000o\000k}{section.8.8}% 276
\BOOKMARK [1][-]{section.8.9}{\376\377\000V\000a\000l\000i\000d\000a\000z\000i\000o\000n\000e\000\040\000d\000i\000\040\000S\000t\000r\000i\000n\000g\000h\000e}{chapter.8}% 277
\BOOKMARK [2][-]{subsection.8.9.1}{\376\377\000V\000e\000r\000i\000f\000i\000c\000a\000\040\000s\000e\000\040\000\350\000\040\000u\000n\000\040\000N\000u\000m\000e\000r\000o}{section.8.9}% 278
\BOOKMARK [2][-]{subsection.8.9.2}{\376\377\000V\000e\000r\000i\000f\000i\000c\000a\000\040\000P\000a\000l\000i\000n\000d\000r\000o\000m\000o}{section.8.9}% 279
\BOOKMARK [1][-]{section.8.10}{\376\377\000E\000s\000e\000m\000p\000i\000\040\000P\000r\000a\000t\000i\000c\000i}{chapter.8}% 280
\BOOKMARK [2][-]{subsection.8.10.1}{\376\377\000S\000i\000s\000t\000e\000m\000a\000\040\000d\000i\000\040\000L\000o\000g\000i\000n}{section.8.10}% 281
\BOOKMARK [2][-]{subsection.8.10.2}{\376\377\000A\000n\000a\000l\000i\000s\000i\000\040\000d\000i\000\040\000T\000e\000s\000t\000o}{section.8.10}% 282
\BOOKMARK [1][-]{section.8.11}{\376\377\000E\000s\000e\000r\000c\000i\000z\000i}{chapter.8}% 283
\BOOKMARK [2][-]{subsection.8.11.1}{\376\377\000L\000i\000v\000e\000l\000l\000o\000\040\000B\000a\000s\000e}{section.8.11}% 284
\BOOKMARK [2][-]{subsection.8.11.2}{\376\377\000L\000i\000v\000e\000l\000l\000o\000\040\000I\000n\000t\000e\000r\000m\000e\000d\000i\000o}{section.8.11}% 285
\BOOKMARK [2][-]{subsection.8.11.3}{\376\377\000L\000i\000v\000e\000l\000l\000o\000\040\000A\000v\000a\000n\000z\000a\000t\000o}{section.8.11}% 286
\BOOKMARK [0][-]{chapter.9}{\376\377\000S\000t\000r\000u\000c\000t}{}% 287
\BOOKMARK [1][-]{section.9.1}{\376\377\000O\000b\000i\000e\000t\000t\000i\000v\000i\000\040\000d\000i\000\040\000A\000p\000p\000r\000e\000n\000d\000i\000m\000e\000n\000t\000o}{chapter.9}% 288
\BOOKMARK [1][-]{section.9.2}{\376\377\000I\000n\000t\000r\000o\000d\000u\000z\000i\000o\000n\000e\000\040\000a\000l\000l\000e\000\040\000S\000t\000r\000u\000c\000t}{chapter.9}% 289
\BOOKMARK [2][-]{subsection.9.2.1}{\376\377\000P\000e\000r\000c\000h\000\351\000\040\000U\000s\000a\000r\000e\000\040\000l\000e\000\040\000S\000t\000r\000u\000c\000t\000?}{section.9.2}% 290
\BOOKMARK [1][-]{section.9.3}{\376\377\000D\000e\000f\000i\000n\000i\000z\000i\000o\000n\000e\000\040\000d\000i\000\040\000u\000n\000a\000\040\000S\000t\000r\000u\000c\000t}{chapter.9}% 291
\BOOKMARK [2][-]{subsection.9.3.1}{\376\377\000S\000i\000n\000t\000a\000s\000s\000i\000\040\000B\000a\000s\000e}{section.9.3}% 292
\BOOKMARK [2][-]{subsection.9.3.2}{\376\377\000E\000s\000e\000m\000p\000i\000\040\000d\000i\000\040\000D\000e\000f\000i\000n\000i\000z\000i\000o\000n\000e}{section.9.3}% 293
\BOOKMARK [1][-]{section.9.4}{\376\377\000D\000i\000c\000h\000i\000a\000r\000a\000z\000i\000o\000n\000e\000\040\000e\000\040\000I\000n\000i\000z\000i\000a\000l\000i\000z\000z\000a\000z\000i\000o\000n\000e}{chapter.9}% 294
\BOOKMARK [2][-]{subsection.9.4.1}{\376\377\000D\000i\000c\000h\000i\000a\000r\000a\000z\000i\000o\000n\000e}{section.9.4}% 295
\BOOKMARK [2][-]{subsection.9.4.2}{\376\377\000I\000n\000i\000z\000i\000a\000l\000i\000z\000z\000a\000z\000i\000o\000n\000e}{section.9.4}% 296
\BOOKMARK [1][-]{section.9.5}{\376\377\000A\000c\000c\000e\000s\000s\000o\000\040\000a\000i\000\040\000M\000e\000m\000b\000r\000i}{chapter.9}% 297
\BOOKMARK [2][-]{subsection.9.5.1}{\376\377\000O\000p\000e\000r\000a\000t\000o\000r\000e\000\040\000P\000u\000n\000t\000o\000\040\000\050\000.\000\051}{section.9.5}% 298
\BOOKMARK [2][-]{subsection.9.5.2}{\376\377\000I\000n\000p\000u\000t\000\040\000d\000a\000\040\000U\000t\000e\000n\000t\000e}{section.9.5}% 299
\BOOKMARK [1][-]{section.9.6}{\376\377\000T\000y\000p\000e\000d\000e\000f}{chapter.9}% 300
\BOOKMARK [1][-]{section.9.7}{\376\377\000A\000r\000r\000a\000y\000\040\000d\000i\000\040\000S\000t\000r\000u\000c\000t}{chapter.9}% 301
\BOOKMARK [1][-]{section.9.8}{\376\377\000S\000t\000r\000u\000c\000t\000\040\000A\000n\000n\000i\000d\000a\000t\000e}{chapter.9}% 302
\BOOKMARK [1][-]{section.9.9}{\376\377\000P\000u\000n\000t\000a\000t\000o\000r\000i\000\040\000a\000\040\000S\000t\000r\000u\000c\000t}{chapter.9}% 303
\BOOKMARK [2][-]{subsection.9.9.1}{\376\377\000O\000p\000e\000r\000a\000t\000o\000r\000e\000\040\000F\000r\000e\000c\000c\000i\000a\000\040\000\050\000-\000>\000\051}{section.9.9}% 304
\BOOKMARK [1][-]{section.9.10}{\376\377\000S\000t\000r\000u\000c\000t\000\040\000e\000\040\000F\000u\000n\000z\000i\000o\000n\000i}{chapter.9}% 305
\BOOKMARK [2][-]{subsection.9.10.1}{\376\377\000P\000a\000s\000s\000a\000g\000g\000i\000o\000\040\000p\000e\000r\000\040\000V\000a\000l\000o\000r\000e}{section.9.10}% 306
\BOOKMARK [2][-]{subsection.9.10.2}{\376\377\000P\000a\000s\000s\000a\000g\000g\000i\000o\000\040\000p\000e\000r\000\040\000R\000i\000f\000e\000r\000i\000m\000e\000n\000t\000o}{section.9.10}% 307
\BOOKMARK [2][-]{subsection.9.10.3}{\376\377\000R\000i\000t\000o\000r\000n\000o\000\040\000d\000i\000\040\000S\000t\000r\000u\000c\000t}{section.9.10}% 308
\BOOKMARK [1][-]{section.9.11}{\376\377\000A\000l\000l\000o\000c\000a\000z\000i\000o\000n\000e\000\040\000D\000i\000n\000a\000m\000i\000c\000a\000\040\000d\000i\000\040\000S\000t\000r\000u\000c\000t}{chapter.9}% 309
\BOOKMARK [1][-]{section.9.12}{\376\377\000E\000s\000e\000m\000p\000i\000\040\000P\000r\000a\000t\000i\000c\000i}{chapter.9}% 310
\BOOKMARK [2][-]{subsection.9.12.1}{\376\377\000S\000i\000s\000t\000e\000m\000a\000\040\000d\000i\000\040\000G\000e\000s\000t\000i\000o\000n\000e\000\040\000S\000t\000u\000d\000e\000n\000t\000i}{section.9.12}% 311
\BOOKMARK [2][-]{subsection.9.12.2}{\376\377\000S\000i\000s\000t\000e\000m\000a\000\040\000d\000i\000\040\000C\000o\000o\000r\000d\000i\000n\000a\000t\000e\000\040\0003\000D}{section.9.12}% 312
\BOOKMARK [1][-]{section.9.13}{\376\377\000E\000s\000e\000r\000c\000i\000z\000i}{chapter.9}% 313
\BOOKMARK [2][-]{subsection.9.13.1}{\376\377\000L\000i\000v\000e\000l\000l\000o\000\040\000B\000a\000s\000e}{section.9.13}% 314
\BOOKMARK [2][-]{subsection.9.13.2}{\376\377\000L\000i\000v\000e\000l\000l\000o\000\040\000I\000n\000t\000e\000r\000m\000e\000d\000i\000o}{section.9.13}% 315
\BOOKMARK [2][-]{subsection.9.13.3}{\376\377\000L\000i\000v\000e\000l\000l\000o\000\040\000A\000v\000a\000n\000z\000a\000t\000o}{section.9.13}% 316
\BOOKMARK [0][-]{chapter.10}{\376\377\000G\000e\000s\000t\000i\000o\000n\000e\000\040\000d\000e\000i\000\040\000F\000i\000l\000e}{}% 317
\BOOKMARK [1][-]{section.10.1}{\376\377\000I\000n\000t\000r\000o\000d\000u\000z\000i\000o\000n\000e\000\040\000a\000i\000\040\000F\000i\000l\000e}{chapter.10}% 318
\BOOKMARK [2][-]{subsection.10.1.1}{\376\377\000T\000i\000p\000i\000\040\000d\000i\000\040\000F\000i\000l\000e}{section.10.1}% 319
\BOOKMARK [1][-]{section.10.2}{\376\377\000A\000p\000e\000r\000t\000u\000r\000a\000\040\000e\000\040\000C\000h\000i\000u\000s\000u\000r\000a\000\040\000d\000i\000\040\000F\000i\000l\000e}{chapter.10}% 320
\BOOKMARK [2][-]{subsection.10.2.1}{\376\377\000F\000u\000n\000z\000i\000o\000n\000e\000\040\000f\000o\000p\000e\000n}{section.10.2}% 321
\BOOKMARK [2][-]{subsection.10.2.2}{\376\377\000M\000o\000d\000a\000l\000i\000t\000\340\000\040\000d\000i\000\040\000A\000p\000e\000r\000t\000u\000r\000a}{section.10.2}% 322
\BOOKMARK [2][-]{subsection.10.2.3}{\376\377\000E\000s\000e\000m\000p\000i\000o\000\040\000B\000a\000s\000e}{section.10.2}% 323
\BOOKMARK [1][-]{section.10.3}{\376\377\000S\000c\000r\000i\000t\000t\000u\000r\000a\000\040\000s\000u\000\040\000F\000i\000l\000e}{chapter.10}% 324
\BOOKMARK [2][-]{subsection.10.3.1}{\376\377\000f\000p\000r\000i\000n\000t\000f}{section.10.3}% 325
\BOOKMARK [2][-]{subsection.10.3.2}{\376\377\000f\000p\000u\000t\000s}{section.10.3}% 326
\BOOKMARK [2][-]{subsection.10.3.3}{\376\377\000f\000p\000u\000t\000c}{section.10.3}% 327
\BOOKMARK [1][-]{section.10.4}{\376\377\000L\000e\000t\000t\000u\000r\000a\000\040\000d\000a\000\040\000F\000i\000l\000e}{chapter.10}% 328
\BOOKMARK [2][-]{subsection.10.4.1}{\376\377\000f\000s\000c\000a\000n\000f}{section.10.4}% 329
\BOOKMARK [2][-]{subsection.10.4.2}{\376\377\000f\000g\000e\000t\000s}{section.10.4}% 330
\BOOKMARK [2][-]{subsection.10.4.3}{\376\377\000f\000g\000e\000t\000c}{section.10.4}% 331
\BOOKMARK [1][-]{section.10.5}{\376\377\000C\000o\000n\000t\000r\000o\000l\000l\000o\000\040\000F\000i\000n\000e\000\040\000F\000i\000l\000e\000\040\000e\000\040\000E\000r\000r\000o\000r\000i}{chapter.10}% 332
\BOOKMARK [2][-]{subsection.10.5.1}{\376\377\000f\000e\000o\000f\000\040\000e\000\040\000f\000e\000r\000r\000o\000r}{section.10.5}% 333
\BOOKMARK [1][-]{section.10.6}{\376\377\000P\000o\000s\000i\000z\000i\000o\000n\000a\000m\000e\000n\000t\000o\000\040\000n\000e\000l\000\040\000F\000i\000l\000e}{chapter.10}% 334
\BOOKMARK [2][-]{subsection.10.6.1}{\376\377\000f\000s\000e\000e\000k}{section.10.6}% 335
\BOOKMARK [2][-]{subsection.10.6.2}{\376\377\000f\000t\000e\000l\000l}{section.10.6}% 336
\BOOKMARK [1][-]{section.10.7}{\376\377\000F\000i\000l\000e\000\040\000B\000i\000n\000a\000r\000i}{chapter.10}% 337
\BOOKMARK [2][-]{subsection.10.7.1}{\376\377\000f\000w\000r\000i\000t\000e}{section.10.7}% 338
\BOOKMARK [2][-]{subsection.10.7.2}{\376\377\000f\000r\000e\000a\000d}{section.10.7}% 339
\BOOKMARK [1][-]{section.10.8}{\376\377\000E\000s\000e\000m\000p\000i\000\040\000P\000r\000a\000t\000i\000c\000i}{chapter.10}% 340
\BOOKMARK [2][-]{subsection.10.8.1}{\376\377\000C\000o\000p\000i\000a\000\040\000d\000i\000\040\000F\000i\000l\000e}{section.10.8}% 341
\BOOKMARK [2][-]{subsection.10.8.2}{\376\377\000C\000o\000n\000t\000a\000\040\000R\000i\000g\000h\000e\000,\000\040\000P\000a\000r\000o\000l\000e\000\040\000e\000\040\000C\000a\000r\000a\000t\000t\000e\000r\000i}{section.10.8}% 342
\BOOKMARK [2][-]{subsection.10.8.3}{\376\377\000D\000a\000t\000a\000b\000a\000s\000e\000\040\000S\000t\000u\000d\000e\000n\000t\000i\000\040\000s\000u\000\040\000F\000i\000l\000e}{section.10.8}% 343
\BOOKMARK [2][-]{subsection.10.8.4}{\376\377\000F\000i\000l\000e\000\040\000C\000S\000V}{section.10.8}% 344
\BOOKMARK [1][-]{section.10.9}{\376\377\000G\000e\000s\000t\000i\000o\000n\000e\000\040\000E\000r\000r\000o\000r\000i}{chapter.10}% 345
\BOOKMARK [2][-]{subsection.10.9.1}{\376\377\000p\000e\000r\000r\000o\000r}{section.10.9}% 346
\BOOKMARK [1][-]{section.10.10}{\376\377\000E\000s\000e\000r\000c\000i\000z\000i}{chapter.10}% 347
\BOOKMARK [2][-]{subsection.10.10.1}{\376\377\000L\000i\000v\000e\000l\000l\000o\000\040\000B\000a\000s\000e}{section.10.10}% 348
\BOOKMARK [2][-]{subsection.10.10.2}{\376\377\000L\000i\000v\000e\000l\000l\000o\000\040\000I\000n\000t\000e\000r\000m\000e\000d\000i\000o}{section.10.10}% 349
\BOOKMARK [2][-]{subsection.10.10.3}{\376\377\000L\000i\000v\000e\000l\000l\000o\000\040\000A\000v\000a\000n\000z\000a\000t\000o}{section.10.10}% 350
\BOOKMARK [0][-]{chapter.11}{\376\377\000E\000s\000e\000r\000c\000i\000z\000i\000\040\000C\000o\000m\000p\000l\000e\000t\000i}{}% 351
\BOOKMARK [1][-]{section.11.1}{\376\377\000V\000a\000r\000i\000a\000b\000i\000l\000i\000\040\000e\000\040\000T\000i\000p\000i\000\040\000d\000i\000\040\000D\000a\000t\000i}{chapter.11}% 352
\BOOKMARK [2][-]{subsection.11.1.1}{\376\377\000L\000i\000v\000e\000l\000l\000o\000\040\000B\000a\000s\000e}{section.11.1}% 353
\BOOKMARK [2][-]{subsection.11.1.2}{\376\377\000L\000i\000v\000e\000l\000l\000o\000\040\000I\000n\000t\000e\000r\000m\000e\000d\000i\000o}{section.11.1}% 354
\BOOKMARK [2][-]{subsection.11.1.3}{\376\377\000L\000i\000v\000e\000l\000l\000o\000\040\000A\000v\000a\000n\000z\000a\000t\000o}{section.11.1}% 355
\BOOKMARK [1][-]{section.11.2}{\376\377\000O\000p\000e\000r\000a\000t\000o\000r\000i\000\040\000e\000d\000\040\000E\000s\000p\000r\000e\000s\000s\000i\000o\000n\000i}{chapter.11}% 356
\BOOKMARK [2][-]{subsection.11.2.1}{\376\377\000L\000i\000v\000e\000l\000l\000o\000\040\000B\000a\000s\000e}{section.11.2}% 357
\BOOKMARK [2][-]{subsection.11.2.2}{\376\377\000L\000i\000v\000e\000l\000l\000o\000\040\000I\000n\000t\000e\000r\000m\000e\000d\000i\000o}{section.11.2}% 358
\BOOKMARK [2][-]{subsection.11.2.3}{\376\377\000L\000i\000v\000e\000l\000l\000o\000\040\000A\000v\000a\000n\000z\000a\000t\000o}{section.11.2}% 359
\BOOKMARK [1][-]{section.11.3}{\376\377\000C\000o\000n\000t\000r\000o\000l\000l\000o\000\040\000d\000i\000\040\000F\000l\000u\000s\000s\000o}{chapter.11}% 360
\BOOKMARK [2][-]{subsection.11.3.1}{\376\377\000L\000i\000v\000e\000l\000l\000o\000\040\000B\000a\000s\000e}{section.11.3}% 361
\BOOKMARK [2][-]{subsection.11.3.2}{\376\377\000L\000i\000v\000e\000l\000l\000o\000\040\000I\000n\000t\000e\000r\000m\000e\000d\000i\000o}{section.11.3}% 362
\BOOKMARK [2][-]{subsection.11.3.3}{\376\377\000L\000i\000v\000e\000l\000l\000o\000\040\000A\000v\000a\000n\000z\000a\000t\000o}{section.11.3}% 363
\BOOKMARK [1][-]{section.11.4}{\376\377\000F\000u\000n\000z\000i\000o\000n\000i}{chapter.11}% 364
\BOOKMARK [2][-]{subsection.11.4.1}{\376\377\000L\000i\000v\000e\000l\000l\000o\000\040\000B\000a\000s\000e}{section.11.4}% 365
\BOOKMARK [2][-]{subsection.11.4.2}{\376\377\000L\000i\000v\000e\000l\000l\000o\000\040\000I\000n\000t\000e\000r\000m\000e\000d\000i\000o}{section.11.4}% 366
\BOOKMARK [2][-]{subsection.11.4.3}{\376\377\000L\000i\000v\000e\000l\000l\000o\000\040\000A\000v\000a\000n\000z\000a\000t\000o}{section.11.4}% 367
\BOOKMARK [1][-]{section.11.5}{\376\377\000A\000r\000r\000a\000y}{chapter.11}% 368
\BOOKMARK [2][-]{subsection.11.5.1}{\376\377\000L\000i\000v\000e\000l\000l\000o\000\040\000B\000a\000s\000e}{section.11.5}% 369
\BOOKMARK [2][-]{subsection.11.5.2}{\376\377\000L\000i\000v\000e\000l\000l\000o\000\040\000I\000n\000t\000e\000r\000m\000e\000d\000i\000o}{section.11.5}% 370
\BOOKMARK [2][-]{subsection.11.5.3}{\376\377\000L\000i\000v\000e\000l\000l\000o\000\040\000A\000v\000a\000n\000z\000a\000t\000o}{section.11.5}% 371
\BOOKMARK [1][-]{section.11.6}{\376\377\000P\000u\000n\000t\000a\000t\000o\000r\000i}{chapter.11}% 372
\BOOKMARK [2][-]{subsection.11.6.1}{\376\377\000L\000i\000v\000e\000l\000l\000o\000\040\000B\000a\000s\000e}{section.11.6}% 373
\BOOKMARK [2][-]{subsection.11.6.2}{\376\377\000L\000i\000v\000e\000l\000l\000o\000\040\000I\000n\000t\000e\000r\000m\000e\000d\000i\000o}{section.11.6}% 374
\BOOKMARK [2][-]{subsection.11.6.3}{\376\377\000L\000i\000v\000e\000l\000l\000o\000\040\000A\000v\000a\000n\000z\000a\000t\000o}{section.11.6}% 375
\BOOKMARK [1][-]{section.11.7}{\376\377\000S\000t\000r\000i\000n\000g\000h\000e}{chapter.11}% 376
\BOOKMARK [2][-]{subsection.11.7.1}{\376\377\000L\000i\000v\000e\000l\000l\000o\000\040\000B\000a\000s\000e}{section.11.7}% 377
\BOOKMARK [2][-]{subsection.11.7.2}{\376\377\000L\000i\000v\000e\000l\000l\000o\000\040\000I\000n\000t\000e\000r\000m\000e\000d\000i\000o}{section.11.7}% 378
\BOOKMARK [2][-]{subsection.11.7.3}{\376\377\000L\000i\000v\000e\000l\000l\000o\000\040\000A\000v\000a\000n\000z\000a\000t\000o}{section.11.7}% 379
\BOOKMARK [1][-]{section.11.8}{\376\377\000S\000t\000r\000u\000c\000t}{chapter.11}% 380
\BOOKMARK [2][-]{subsection.11.8.1}{\376\377\000L\000i\000v\000e\000l\000l\000o\000\040\000B\000a\000s\000e}{section.11.8}% 381
\BOOKMARK [2][-]{subsection.11.8.2}{\376\377\000L\000i\000v\000e\000l\000l\000o\000\040\000I\000n\000t\000e\000r\000m\000e\000d\000i\000o}{section.11.8}% 382
\BOOKMARK [2][-]{subsection.11.8.3}{\376\377\000L\000i\000v\000e\000l\000l\000o\000\040\000A\000v\000a\000n\000z\000a\000t\000o}{section.11.8}% 383
\BOOKMARK [1][-]{section.11.9}{\376\377\000F\000i\000l\000e}{chapter.11}% 384
\BOOKMARK [2][-]{subsection.11.9.1}{\376\377\000L\000i\000v\000e\000l\000l\000o\000\040\000B\000a\000s\000e}{section.11.9}% 385
\BOOKMARK [2][-]{subsection.11.9.2}{\376\377\000L\000i\000v\000e\000l\000l\000o\000\040\000I\000n\000t\000e\000r\000m\000e\000d\000i\000o}{section.11.9}% 386
\BOOKMARK [2][-]{subsection.11.9.3}{\376\377\000L\000i\000v\000e\000l\000l\000o\000\040\000A\000v\000a\000n\000z\000a\000t\000o}{section.11.9}% 387
\BOOKMARK [1][-]{section.11.10}{\376\377\000P\000r\000o\000g\000e\000t\000t\000i\000\040\000C\000o\000m\000p\000l\000e\000t\000i}{chapter.11}% 388
\BOOKMARK [2][-]{subsection.11.10.1}{\376\377\000P\000r\000o\000g\000e\000t\000t\000o\000\040\0001\000:\000\040\000S\000i\000s\000t\000e\000m\000a\000\040\000d\000i\000\040\000G\000e\000s\000t\000i\000o\000n\000e\000\040\000B\000i\000b\000l\000i\000o\000t\000e\000c\000a}{section.11.10}% 389
\BOOKMARK [2][-]{subsection.11.10.2}{\376\377\000P\000r\000o\000g\000e\000t\000t\000o\000\040\0002\000:\000\040\000G\000i\000o\000c\000o\000\040\000d\000e\000l\000\040\000T\000r\000i\000s}{section.11.10}% 390
\BOOKMARK [2][-]{subsection.11.10.3}{\376\377\000P\000r\000o\000g\000e\000t\000t\000o\000\040\0003\000:\000\040\000G\000e\000s\000t\000i\000o\000n\000a\000l\000e\000\040\000S\000t\000u\000d\000e\000n\000t\000i}{section.11.10}% 391
\BOOKMARK [2][-]{subsection.11.10.4}{\376\377\000P\000r\000o\000g\000e\000t\000t\000o\000\040\0004\000:\000\040\000C\000a\000l\000c\000o\000l\000a\000t\000r\000i\000c\000e\000\040\000A\000v\000a\000n\000z\000a\000t\000a}{section.11.10}% 392
\BOOKMARK [2][-]{subsection.11.10.5}{\376\377\000P\000r\000o\000g\000e\000t\000t\000o\000\040\0005\000:\000\040\000S\000i\000s\000t\000e\000m\000a\000\040\000d\000i\000\040\000P\000r\000e\000n\000o\000t\000a\000z\000i\000o\000n\000i}{section.11.10}% 393
\BOOKMARK [1][-]{section.11.11}{\376\377\000E\000s\000e\000r\000c\000i\000z\000i\000\040\000d\000i\000\040\000R\000i\000e\000p\000i\000l\000o\000g\000o}{chapter.11}% 394
\BOOKMARK [2][-]{subsection.11.11.1}{\376\377\000E\000s\000e\000r\000c\000i\000z\000i\000o\000\040\000C\000o\000m\000p\000l\000e\000s\000s\000i\000v\000o\000\040\0001\000:\000\040\000G\000e\000s\000t\000i\000o\000n\000e\000\040\000M\000a\000g\000a\000z\000z\000i\000n\000o}{section.11.11}% 395
\BOOKMARK [2][-]{subsection.11.11.2}{\376\377\000E\000s\000e\000r\000c\000i\000z\000i\000o\000\040\000C\000o\000m\000p\000l\000e\000s\000s\000i\000v\000o\000\040\0002\000:\000\040\000A\000g\000e\000n\000d\000a\000\040\000P\000e\000r\000s\000o\000n\000a\000l\000e}{section.11.11}% 396
\BOOKMARK [2][-]{subsection.11.11.3}{\376\377\000E\000s\000e\000r\000c\000i\000z\000i\000o\000\040\000C\000o\000m\000p\000l\000e\000s\000s\000i\000v\000o\000\040\0003\000:\000\040\000A\000n\000a\000l\000i\000z\000z\000a\000t\000o\000r\000e\000\040\000d\000i\000\040\000T\000e\000s\000t\000o}{section.11.11}% 397
\BOOKMARK [1][-]{section.11.12}{\376\377\000C\000o\000n\000s\000i\000g\000l\000i\000\040\000p\000e\000r\000\040\000g\000l\000i\000\040\000E\000s\000e\000r\000c\000i\000z\000i}{chapter.11}% 398
\BOOKMARK [2][-]{subsection.11.12.1}{\376\377\000C\000o\000m\000e\000\040\000A\000f\000f\000r\000o\000n\000t\000a\000r\000e\000\040\000g\000l\000i\000\040\000E\000s\000e\000r\000c\000i\000z\000i}{section.11.12}% 399
\BOOKMARK [2][-]{subsection.11.12.2}{\376\377\000D\000e\000b\000u\000g\000g\000i\000n\000g}{section.11.12}% 400
\BOOKMARK [2][-]{subsection.11.12.3}{\376\377\000B\000e\000s\000t\000\040\000P\000r\000a\000c\000t\000i\000c\000e\000s}{section.11.12}% 401
\BOOKMARK [1][-]{section.11.13}{\376\377\000R\000i\000s\000o\000r\000s\000e\000\040\000A\000g\000g\000i\000u\000n\000t\000i\000v\000e}{chapter.11}% 402
\BOOKMARK [2][-]{subsection.11.13.1}{\376\377\000C\000o\000m\000p\000i\000l\000a\000z\000i\000o\000n\000e}{section.11.13}% 403
\BOOKMARK [2][-]{subsection.11.13.2}{\376\377\000O\000n\000l\000i\000n\000e\000\040\000J\000u\000d\000g\000e\000\040\000p\000e\000r\000\040\000E\000s\000e\000r\000c\000i\000t\000a\000r\000s\000i}{section.11.13}% 404
\BOOKMARK [2][-]{subsection.11.13.3}{\376\377\000D\000o\000c\000u\000m\000e\000n\000t\000a\000\040\000z\000i\000o\000n\000e\000\040\000d\000i\000\040\000R\000i\000f\000e\000r\000i\000m\000e\000n\000t\000o}{section.11.13}% 405
\BOOKMARK [0][-]{chapter.12}{\376\377\000M\000a\000k\000e\000f\000i\000l\000e\000\040\000e\000\040\000B\000u\000i\000l\000d\000\040\000A\000u\000t\000o\000m\000a\000t\000i\000o\000n}{}% 406
\BOOKMARK [1][-]{section.12.1}{\376\377\000I\000n\000t\000r\000o\000d\000u\000z\000i\000o\000n\000e\000\040\000a\000i\000\040\000M\000a\000k\000e\000f\000i\000l\000e}{chapter.12}% 407
\BOOKMARK [2][-]{subsection.12.1.1}{\376\377\000O\000b\000i\000e\000t\000t\000i\000v\000i\000\040\000d\000i\000\040\000a\000p\000p\000r\000e\000n\000d\000i\000m\000e\000n\000t\000o}{section.12.1}% 408
\BOOKMARK [1][-]{section.12.2}{\376\377\000S\000t\000r\000u\000t\000t\000u\000r\000a\000\040\000B\000a\000s\000e\000\040\000d\000i\000\040\000u\000n\000\040\000M\000a\000k\000e\000f\000i\000l\000e}{chapter.12}% 409
\BOOKMARK [2][-]{subsection.12.2.1}{\376\377\000S\000i\000n\000t\000a\000s\000s\000i\000\040\000d\000i\000\040\000u\000n\000a\000\040\000R\000e\000g\000o\000l\000a}{section.12.2}% 410
\BOOKMARK [2][-]{subsection.12.2.2}{\376\377\000E\000s\000e\000m\000p\000i\000o\000\040\000S\000e\000m\000p\000l\000i\000c\000e}{section.12.2}% 411
\BOOKMARK [2][-]{subsection.12.2.3}{\376\377\000E\000s\000e\000c\000u\000z\000i\000o\000n\000e}{section.12.2}% 412
\BOOKMARK [1][-]{section.12.3}{\376\377\000V\000a\000r\000i\000a\000b\000i\000l\000i\000\040\000e\000\040\000P\000a\000t\000t\000e\000r\000n}{chapter.12}% 413
\BOOKMARK [2][-]{subsection.12.3.1}{\376\377\000V\000a\000r\000i\000a\000b\000i\000l\000i\000\040\000C\000o\000m\000u\000n\000i}{section.12.3}% 414
\BOOKMARK [2][-]{subsection.12.3.2}{\376\377\000P\000a\000t\000t\000e\000r\000n\000\040\000R\000u\000l\000e\000s}{section.12.3}% 415
\BOOKMARK [2][-]{subsection.12.3.3}{\376\377\000V\000a\000r\000i\000a\000b\000i\000l\000i\000\040\000I\000n\000t\000e\000g\000r\000a\000t\000e}{section.12.3}% 416
\BOOKMARK [1][-]{section.12.4}{\376\377\000M\000a\000k\000e\000f\000i\000l\000e\000\040\000C\000o\000m\000p\000l\000e\000t\000o\000\040\000c\000o\000n\000\040\000E\000s\000e\000r\000c\000i\000z\000i}{chapter.12}% 417
\BOOKMARK [2][-]{subsection.12.4.1}{\376\377\000P\000r\000o\000g\000e\000t\000t\000o\000\040\000M\000u\000l\000t\000i\000-\000F\000i\000l\000e}{section.12.4}% 418
\BOOKMARK [2][-]{subsection.12.4.2}{\376\377\000P\000r\000o\000g\000e\000t\000t\000o\000\040\000c\000o\000n\000\040\000S\000o\000t\000t\000o\000d\000i\000r\000e\000c\000t\000o\000r\000y}{section.12.4}% 419
\BOOKMARK [2][-]{subsection.12.4.3}{\376\377\000M\000a\000k\000e\000f\000i\000l\000e\000\040\000A\000v\000a\000n\000z\000a\000t\000o\000\040\000c\000o\000n\000\040\000D\000o\000c\000u\000m\000e\000n\000t\000a\000z\000i\000o\000n\000e}{section.12.4}% 420
\BOOKMARK [1][-]{section.12.5}{\376\377\000D\000i\000p\000e\000n\000d\000e\000n\000z\000e\000\040\000e\000\040\000O\000t\000t\000i\000m\000i\000z\000z\000a\000z\000i\000o\000n\000e}{chapter.12}% 421
\BOOKMARK [2][-]{subsection.12.5.1}{\376\377\000F\000i\000l\000e\000\040\000d\000i\000\040\000D\000i\000p\000e\000n\000d\000e\000n\000z\000a\000\040\000A\000u\000t\000o\000m\000a\000t\000i\000c\000h\000e}{section.12.5}% 422
\BOOKMARK [2][-]{subsection.12.5.2}{\376\377\000C\000o\000m\000p\000i\000l\000a\000z\000i\000o\000n\000e\000\040\000P\000a\000r\000a\000l\000l\000e\000l\000a}{section.12.5}% 423
\BOOKMARK [1][-]{section.12.6}{\376\377\000E\000s\000e\000r\000c\000i\000z\000i}{chapter.12}% 424
\BOOKMARK [2][-]{subsection.12.6.1}{\376\377\000L\000i\000v\000e\000l\000l\000o\000\040\000B\000a\000s\000e}{section.12.6}% 425
\BOOKMARK [2][-]{subsection.12.6.2}{\376\377\000L\000i\000v\000e\000l\000l\000o\000\040\000I\000n\000t\000e\000r\000m\000e\000d\000i\000o}{section.12.6}% 426
\BOOKMARK [2][-]{subsection.12.6.3}{\376\377\000L\000i\000v\000e\000l\000l\000o\000\040\000A\000v\000a\000n\000z\000a\000t\000o}{section.12.6}% 427
\BOOKMARK [1][-]{section.12.7}{\376\377\000R\000i\000e\000p\000i\000l\000o\000g\000o}{chapter.12}% 428
\BOOKMARK [0][-]{chapter.13}{\376\377\000G\000D\000B\000\040\000D\000e\000b\000u\000g\000g\000e\000r}{}% 429
\BOOKMARK [1][-]{section.13.1}{\376\377\000I\000n\000t\000r\000o\000d\000u\000z\000i\000o\000n\000e\000\040\000a\000l\000\040\000D\000e\000b\000u\000g\000g\000i\000n\000g}{chapter.13}% 430
\BOOKMARK [2][-]{subsection.13.1.1}{\376\377\000O\000b\000i\000e\000t\000t\000i\000v\000i\000\040\000d\000i\000\040\000a\000p\000p\000r\000e\000n\000d\000i\000m\000e\000n\000t\000o}{section.13.1}% 431
\BOOKMARK [1][-]{section.13.2}{\376\377\000C\000o\000m\000p\000i\000l\000a\000z\000i\000o\000n\000e\000\040\000p\000e\000r\000\040\000i\000l\000\040\000D\000e\000b\000u\000g\000g\000i\000n\000g}{chapter.13}% 432
\BOOKMARK [2][-]{subsection.13.2.1}{\376\377\000F\000l\000a\000g\000\040\000-\000g}{section.13.2}% 433
\BOOKMARK [2][-]{subsection.13.2.2}{\376\377\000E\000s\000e\000m\000p\000i\000o\000\040\000P\000r\000o\000g\000r\000a\000m\000m\000a\000\040\000c\000o\000n\000\040\000B\000u\000g}{section.13.2}% 434
\BOOKMARK [1][-]{section.13.3}{\376\377\000C\000o\000m\000a\000n\000d\000i\000\040\000F\000o\000n\000d\000a\000m\000e\000n\000t\000a\000l\000i\000\040\000d\000i\000\040\000G\000D\000B}{chapter.13}% 435
\BOOKMARK [2][-]{subsection.13.3.1}{\376\377\000A\000v\000v\000i\000a\000r\000e\000\040\000G\000D\000B}{section.13.3}% 436
\BOOKMARK [2][-]{subsection.13.3.2}{\376\377\000B\000r\000e\000a\000k\000p\000o\000i\000n\000t}{section.13.3}% 437
\BOOKMARK [2][-]{subsection.13.3.3}{\376\377\000E\000s\000e\000c\000u\000z\000i\000o\000n\000e\000\040\000d\000e\000l\000\040\000P\000r\000o\000g\000r\000a\000m\000m\000a}{section.13.3}% 438
\BOOKMARK [2][-]{subsection.13.3.4}{\376\377\000I\000s\000p\000e\000z\000i\000o\000n\000a\000r\000e\000\040\000V\000a\000r\000i\000a\000b\000i\000l\000i}{section.13.3}% 439
\BOOKMARK [2][-]{subsection.13.3.5}{\376\377\000W\000a\000t\000c\000h\000p\000o\000i\000n\000t}{section.13.3}% 440
\BOOKMARK [1][-]{section.13.4}{\376\377\000S\000t\000a\000c\000k\000\040\000e\000\040\000F\000u\000n\000z\000i\000o\000n\000i}{chapter.13}% 441
\BOOKMARK [2][-]{subsection.13.4.1}{\376\377\000S\000t\000a\000c\000k\000\040\000T\000r\000a\000c\000e}{section.13.4}% 442
\BOOKMARK [2][-]{subsection.13.4.2}{\376\377\000E\000s\000e\000m\000p\000i\000o\000\040\000d\000i\000\040\000D\000e\000b\000u\000g\000g\000i\000n\000g\000\040\000c\000o\000n\000\040\000S\000t\000a\000c\000k}{section.13.4}% 443
\BOOKMARK [1][-]{section.13.5}{\376\377\000C\000o\000m\000a\000n\000d\000i\000\040\000A\000v\000a\000n\000z\000a\000t\000i}{chapter.13}% 444
\BOOKMARK [2][-]{subsection.13.5.1}{\376\377\000M\000e\000m\000o\000r\000i\000a\000\040\000e\000\040\000P\000u\000n\000t\000a\000t\000o\000r\000i}{section.13.5}% 445
\BOOKMARK [2][-]{subsection.13.5.2}{\376\377\000M\000o\000d\000i\000f\000i\000c\000a\000r\000e\000\040\000V\000a\000l\000o\000r\000i}{section.13.5}% 446
\BOOKMARK [2][-]{subsection.13.5.3}{\376\377\000S\000c\000r\000i\000p\000t\000\040\000e\000\040\000A\000u\000t\000o\000m\000a\000z\000i\000o\000n\000e}{section.13.5}% 447
\BOOKMARK [1][-]{section.13.6}{\376\377\000E\000s\000e\000m\000p\000i\000\040\000P\000r\000a\000t\000i\000c\000i\000\040\000d\000i\000\040\000D\000e\000b\000u\000g\000g\000i\000n\000g}{chapter.13}% 448
\BOOKMARK [2][-]{subsection.13.6.1}{\376\377\000D\000e\000b\000u\000g\000\040\000d\000i\000\040\000S\000e\000g\000m\000e\000n\000t\000a\000t\000i\000o\000n\000\040\000F\000a\000u\000l\000t}{section.13.6}% 449
\BOOKMARK [2][-]{subsection.13.6.2}{\376\377\000D\000e\000b\000u\000g\000\040\000d\000i\000\040\000B\000u\000f\000f\000e\000r\000\040\000O\000v\000e\000r\000f\000l\000o\000w}{section.13.6}% 450
\BOOKMARK [2][-]{subsection.13.6.3}{\376\377\000D\000e\000b\000u\000g\000\040\000d\000i\000\040\000L\000o\000o\000p\000\040\000I\000n\000f\000i\000n\000i\000t\000o}{section.13.6}% 451
\BOOKMARK [1][-]{section.13.7}{\376\377\000C\000o\000m\000a\000n\000d\000i\000\040\000U\000t\000i\000l\000i\000\040\000R\000i\000a\000s\000s\000u\000n\000t\000i}{chapter.13}% 452
\BOOKMARK [2][-]{subsection.13.7.1}{\376\377\000T\000a\000b\000e\000l\000l\000a\000\040\000V\000e\000l\000o\000c\000e}{section.13.7}% 453
\BOOKMARK [1][-]{section.13.8}{\376\377\000E\000s\000e\000r\000c\000i\000z\000i}{chapter.13}% 454
\BOOKMARK [2][-]{subsection.13.8.1}{\376\377\000L\000i\000v\000e\000l\000l\000o\000\040\000B\000a\000s\000e}{section.13.8}% 455
\BOOKMARK [2][-]{subsection.13.8.2}{\376\377\000L\000i\000v\000e\000l\000l\000o\000\040\000I\000n\000t\000e\000r\000m\000e\000d\000i\000o}{section.13.8}% 456
\BOOKMARK [2][-]{subsection.13.8.3}{\376\377\000L\000i\000v\000e\000l\000l\000o\000\040\000A\000v\000a\000n\000z\000a\000t\000o}{section.13.8}% 457
\BOOKMARK [1][-]{section.13.9}{\376\377\000R\000i\000e\000p\000i\000l\000o\000g\000o}{chapter.13}% 458
\BOOKMARK [0][-]{chapter.14}{\376\377\000L\000i\000b\000r\000e\000r\000i\000e\000\040\000S\000t\000a\000n\000d\000a\000r\000d\000\040\000A\000v\000a\000n\000z\000a\000t\000e}{}% 459
\BOOKMARK [1][-]{section.14.1}{\376\377\000I\000n\000t\000r\000o\000d\000u\000z\000i\000o\000n\000e\000\040\000a\000l\000l\000e\000\040\000L\000i\000b\000r\000e\000r\000i\000e\000\040\000S\000t\000a\000n\000d\000a\000r\000d}{chapter.14}% 460
\BOOKMARK [2][-]{subsection.14.1.1}{\376\377\000O\000b\000i\000e\000t\000t\000i\000v\000i\000\040\000d\000i\000\040\000a\000p\000p\000r\000e\000n\000d\000i\000m\000e\000n\000t\000o}{section.14.1}% 461
\BOOKMARK [1][-]{section.14.2}{\376\377\000s\000t\000r\000i\000n\000g\000.\000h\000\040\000-\000\040\000M\000a\000n\000i\000p\000o\000l\000a\000z\000i\000o\000n\000e\000\040\000d\000i\000\040\000S\000t\000r\000i\000n\000g\000h\000e}{chapter.14}% 462
\BOOKMARK [2][-]{subsection.14.2.1}{\376\377\000F\000u\000n\000z\000i\000o\000n\000i\000\040\000B\000a\000s\000e}{section.14.2}% 463
\BOOKMARK [2][-]{subsection.14.2.2}{\376\377\000C\000o\000p\000i\000a\000\040\000d\000i\000\040\000S\000t\000r\000i\000n\000g\000h\000e}{section.14.2}% 464
\BOOKMARK [2][-]{subsection.14.2.3}{\376\377\000C\000o\000n\000c\000a\000t\000e\000n\000a\000z\000i\000o\000n\000e\000\040\000e\000\040\000R\000i\000c\000e\000r\000c\000a}{section.14.2}% 465
\BOOKMARK [2][-]{subsection.14.2.4}{\376\377\000F\000u\000n\000z\000i\000o\000n\000i\000\040\000A\000v\000a\000n\000z\000a\000t\000e}{section.14.2}% 466
\BOOKMARK [1][-]{section.14.3}{\376\377\000m\000a\000t\000h\000.\000h\000\040\000-\000\040\000O\000p\000e\000r\000a\000z\000i\000o\000n\000i\000\040\000M\000a\000t\000e\000m\000a\000t\000i\000c\000h\000e}{chapter.14}% 467
\BOOKMARK [2][-]{subsection.14.3.1}{\376\377\000F\000u\000n\000z\000i\000o\000n\000i\000\040\000T\000r\000i\000g\000o\000n\000o\000m\000e\000t\000r\000i\000c\000h\000e}{section.14.3}% 468
\BOOKMARK [2][-]{subsection.14.3.2}{\376\377\000P\000o\000t\000e\000n\000z\000e\000\040\000e\000\040\000R\000a\000d\000i\000c\000i}{section.14.3}% 469
\BOOKMARK [2][-]{subsection.14.3.3}{\376\377\000L\000o\000g\000a\000r\000i\000t\000m\000i\000\040\000e\000\040\000F\000u\000n\000z\000i\000o\000n\000i\000\040\000E\000s\000p\000o\000n\000e\000n\000z\000i\000a\000l\000i}{section.14.3}% 470
\BOOKMARK [2][-]{subsection.14.3.4}{\376\377\000F\000u\000n\000z\000i\000o\000n\000i\000\040\000d\000i\000\040\000A\000r\000r\000o\000t\000o\000n\000d\000a\000m\000e\000n\000t\000o\000\040\000e\000\040\000V\000a\000l\000o\000r\000e\000\040\000A\000s\000s\000o\000l\000u\000t\000o}{section.14.3}% 471
\BOOKMARK [1][-]{section.14.4}{\376\377\000t\000i\000m\000e\000.\000h\000\040\000-\000\040\000G\000e\000s\000t\000i\000o\000n\000e\000\040\000d\000e\000l\000\040\000T\000e\000m\000p\000o}{chapter.14}% 472
\BOOKMARK [2][-]{subsection.14.4.1}{\376\377\000F\000u\000n\000z\000i\000o\000n\000i\000\040\000B\000a\000s\000e\000\040\000d\000i\000\040\000T\000e\000m\000p\000o}{section.14.4}% 473
\BOOKMARK [2][-]{subsection.14.4.2}{\376\377\000M\000i\000s\000u\000r\000a\000z\000i\000o\000n\000e\000\040\000d\000e\000l\000\040\000T\000e\000m\000p\000o\000\040\000T\000r\000a\000s\000c\000o\000r\000s\000o}{section.14.4}% 474
\BOOKMARK [2][-]{subsection.14.4.3}{\376\377\000F\000o\000r\000m\000a\000t\000t\000a\000z\000i\000o\000n\000e\000\040\000d\000e\000l\000l\000a\000\040\000D\000a\000t\000a}{section.14.4}% 475
\BOOKMARK [1][-]{section.14.5}{\376\377\000s\000t\000d\000l\000i\000b\000.\000h\000\040\000-\000\040\000A\000l\000l\000o\000c\000a\000z\000i\000o\000n\000e\000\040\000M\000e\000m\000o\000r\000i\000a\000\040\000e\000\040\000U\000t\000i\000l\000i\000t\000\340}{chapter.14}% 476
\BOOKMARK [2][-]{subsection.14.5.1}{\376\377\000A\000l\000l\000o\000c\000a\000z\000i\000o\000n\000e\000\040\000D\000i\000n\000a\000m\000i\000c\000a}{section.14.5}% 477
\BOOKMARK [2][-]{subsection.14.5.2}{\376\377\000c\000a\000l\000l\000o\000c\000\040\000e\000\040\000r\000e\000a\000l\000l\000o\000c}{section.14.5}% 478
\BOOKMARK [2][-]{subsection.14.5.3}{\376\377\000O\000r\000d\000i\000n\000a\000m\000e\000n\000t\000o\000\040\000e\000\040\000R\000i\000c\000e\000r\000c\000a}{section.14.5}% 479
\BOOKMARK [2][-]{subsection.14.5.4}{\376\377\000b\000s\000e\000a\000r\000c\000h\000\040\000-\000\040\000R\000i\000c\000e\000r\000c\000a\000\040\000B\000i\000n\000a\000r\000i\000a}{section.14.5}% 480
\BOOKMARK [1][-]{section.14.6}{\376\377\000E\000s\000e\000m\000p\000i\000o\000\040\000C\000o\000m\000p\000l\000e\000t\000o\000:\000\040\000G\000e\000s\000t\000i\000o\000n\000e\000\040\000D\000a\000t\000a\000b\000a\000s\000e\000\040\000d\000i\000\040\000S\000t\000u\000d\000e\000n\000t\000i}{chapter.14}% 481
\BOOKMARK [1][-]{section.14.7}{\376\377\000E\000s\000e\000r\000c\000i\000z\000i}{chapter.14}% 482
\BOOKMARK [2][-]{subsection.14.7.1}{\376\377\000L\000i\000v\000e\000l\000l\000o\000\040\000B\000a\000s\000e}{section.14.7}% 483
\BOOKMARK [2][-]{subsection.14.7.2}{\376\377\000L\000i\000v\000e\000l\000l\000o\000\040\000I\000n\000t\000e\000r\000m\000e\000d\000i\000o}{section.14.7}% 484
\BOOKMARK [2][-]{subsection.14.7.3}{\376\377\000L\000i\000v\000e\000l\000l\000o\000\040\000A\000v\000a\000n\000z\000a\000t\000o}{section.14.7}% 485
\BOOKMARK [1][-]{section.14.8}{\376\377\000R\000i\000e\000p\000i\000l\000o\000g\000o}{chapter.14}% 486
\BOOKMARK [0][-]{chapter*.43}{\376\377\000B\000i\000b\000l\000i\000o\000g\000r\000a\000f\000i\000a\000\040\000e\000\040\000R\000i\000s\000o\000r\000s\000e}{}% 487
\BOOKMARK [0][-]{chapter*.64}{\376\377\000A\000p\000p\000e\000n\000d\000i\000c\000e\000:\000\040\000S\000o\000l\000u\000z\000i\000o\000n\000i\000\040\000a\000d\000\040\000A\000l\000c\000u\000n\000i\000\040\000E\000s\000e\000r\000c\000i\000z\000i}{}% 488
