\BOOKMARK [0][-]{chapter.1}{\376\377\000C\000l\000a\000s\000s\000i\000,\000\040\000O\000g\000g\000e\000t\000t\000i\000,\000\040\000E\000r\000e\000d\000i\000t\000a\000r\000i\000e\000t\000\340\000\040\000e\000\040\000P\000a\000c\000k\000a\000g\000e}{}% 1
\BOOKMARK [1][-]{section.1.1}{\376\377\000O\000b\000i\000e\000t\000t\000i\000v\000i\000\040\000d\000i\000\040\000a\000p\000p\000r\000e\000n\000d\000i\000m\000e\000n\000t\000o}{chapter.1}% 2
\BOOKMARK [1][-]{section.1.2}{\376\377\000I\000n\000t\000r\000o\000d\000u\000z\000i\000o\000n\000e\000\040\000a\000l\000l\000a\000\040\000P\000r\000o\000g\000r\000a\000m\000m\000a\000z\000i\000o\000n\000e\000\040\000O\000r\000i\000e\000n\000t\000a\000t\000a\000\040\000a\000g\000l\000i\000\040\000O\000g\000g\000e\000t\000t\000i\000\040\000\050\000O\000O\000P\000\051\000\040\000e\000\040\000a\000\040\000J\000a\000v\000a}{chapter.1}% 3
\BOOKMARK [2][-]{subsection.1.2.1}{\376\377\000C\000a\000r\000a\000t\000t\000e\000r\000i\000s\000t\000i\000c\000h\000e\000\040\000F\000o\000n\000d\000a\000m\000e\000n\000t\000a\000l\000i\000\040\000d\000e\000l\000l\000a\000\040\000O\000O\000P}{section.1.2}% 4
\BOOKMARK [2][-]{subsection.1.2.2}{\376\377\000P\000e\000r\000c\000h\000\351\000\040\000J\000a\000v\000a\000\040\000\350\000\040\000u\000n\000\040\000L\000i\000n\000g\000u\000a\000g\000g\000i\000o\000\040\000O\000r\000i\000e\000n\000t\000a\000t\000o\000\040\000a\000g\000l\000i\000\040\000O\000g\000g\000e\000t\000t\000i\000?}{section.1.2}% 5
\BOOKMARK [1][-]{section.1.3}{\376\377\000C\000l\000a\000s\000s\000i\000,\000\040\000O\000g\000g\000e\000t\000t\000i\000\040\000e\000\040\000A\000t\000t\000r\000i\000b\000u\000t\000i}{chapter.1}% 6
\BOOKMARK [2][-]{subsection.1.3.1}{\376\377\000C\000l\000a\000s\000s\000e\000:\000\040\000i\000l\000\040\000P\000r\000o\000g\000e\000t\000t\000o}{section.1.3}% 7
\BOOKMARK [2][-]{subsection.1.3.2}{\376\377\000O\000g\000g\000e\000t\000t\000o\000:\000\040\000l\000'\000I\000s\000t\000a\000n\000z\000a\000\040\000C\000o\000n\000c\000r\000e\000t\000a}{section.1.3}% 8
\BOOKMARK [1][-]{section.1.4}{\376\377\000C\000o\000s\000t\000r\000u\000t\000t\000o\000r\000i\000\040\000e\000\040\000M\000e\000t\000o\000d\000i}{chapter.1}% 9
\BOOKMARK [2][-]{subsection.1.4.1}{\376\377\000C\000o\000s\000t\000r\000u\000t\000t\000o\000r\000i\000:\000\040\000L\000'\000I\000n\000i\000z\000i\000a\000l\000i\000z\000z\000a\000z\000i\000o\000n\000e\000\040\000d\000e\000g\000l\000i\000\040\000O\000g\000g\000e\000t\000t\000i}{section.1.4}% 10
\BOOKMARK [2][-]{subsection.1.4.2}{\376\377\000M\000e\000t\000o\000d\000i\000:\000\040\000I\000l\000\040\000C\000o\000m\000p\000o\000r\000t\000a\000m\000e\000n\000t\000o\000\040\000d\000e\000g\000l\000i\000\040\000O\000g\000g\000e\000t\000t\000i}{section.1.4}% 11
\BOOKMARK [2][-]{subsection.1.4.3}{\376\377\000O\000v\000e\000r\000l\000o\000a\000d\000i\000n\000g\000\040\000d\000e\000i\000\040\000M\000e\000t\000o\000d\000i\000\040\000\050\000S\000o\000v\000r\000a\000c\000c\000a\000r\000i\000c\000o\000\051}{section.1.4}% 12
\BOOKMARK [1][-]{section.1.5}{\376\377\000U\000M\000L\000:\000\040\000R\000a\000p\000p\000r\000e\000s\000e\000n\000t\000a\000r\000e\000\040\000C\000l\000a\000s\000s\000i\000\040\000e\000\040\000R\000e\000l\000a\000z\000i\000o\000n\000i}{chapter.1}% 13
\BOOKMARK [2][-]{subsection.1.5.1}{\376\377\000S\000i\000n\000t\000a\000s\000s\000i\000\040\000B\000a\000s\000e\000\040\000d\000e\000l\000\040\000D\000i\000a\000g\000r\000a\000m\000m\000a\000\040\000d\000i\000\040\000C\000l\000a\000s\000s\000e\000\040\000U\000M\000L}{section.1.5}% 14
\BOOKMARK [1][-]{section.1.6}{\376\377\000A\000r\000r\000a\000y\000\040\000d\000i\000\040\000O\000g\000g\000e\000t\000t\000i}{chapter.1}% 15
\BOOKMARK [2][-]{subsection.1.6.1}{\376\377\000D\000i\000c\000h\000i\000a\000r\000a\000z\000i\000o\000n\000e\000\040\000e\000\040\000I\000n\000i\000z\000i\000a\000l\000i\000z\000z\000a\000z\000i\000o\000n\000e\000\040\000d\000i\000\040\000A\000r\000r\000a\000y\000\040\000d\000i\000\040\000O\000g\000g\000e\000t\000t\000i}{section.1.6}% 16
\BOOKMARK [1][-]{section.1.7}{\376\377\000M\000e\000t\000o\000d\000i\000\040\000S\000t\000a\000t\000i\000c\000i\000,\000\040\000M\000e\000t\000o\000d\000o\000\040\000t\000o\000S\000t\000r\000i\000n\000g\000\050\000\051\000,\000\040\000G\000e\000t\000t\000e\000r\000\040\000e\000\040\000S\000e\000t\000t\000e\000r}{chapter.1}% 17
\BOOKMARK [2][-]{subsection.1.7.1}{\376\377\000M\000e\000t\000o\000d\000i\000\040\000S\000t\000a\000t\000i\000c\000i\000\040\000e\000\040\000A\000t\000t\000r\000i\000b\000u\000t\000i\000\040\000S\000t\000a\000t\000i\000c\000i}{section.1.7}% 18
\BOOKMARK [2][-]{subsection.1.7.2}{\376\377\000I\000l\000\040\000M\000e\000t\000o\000d\000o\000\040\000t\000o\000S\000t\000r\000i\000n\000g\000\050\000\051}{section.1.7}% 19
\BOOKMARK [2][-]{subsection.1.7.3}{\376\377\000G\000e\000t\000t\000e\000r\000\040\000\050\000A\000c\000c\000e\000s\000s\000o\000r\000s\000\051\000\040\000e\000\040\000S\000e\000t\000t\000e\000r\000\040\000\050\000M\000u\000t\000a\000t\000o\000r\000s\000\051}{section.1.7}% 20
\BOOKMARK [1][-]{section.1.8}{\376\377\000E\000r\000e\000d\000i\000t\000a\000r\000i\000e\000t\000\340}{chapter.1}% 21
\BOOKMARK [2][-]{subsection.1.8.1}{\376\377\000L\000a\000\040\000P\000a\000r\000o\000l\000a\000\040\000C\000h\000i\000a\000v\000e\000\040\000e\000x\000t\000e\000n\000d\000s}{section.1.8}% 22
\BOOKMARK [2][-]{subsection.1.8.2}{\376\377\000S\000o\000t\000t\000o\000c\000l\000a\000s\000s\000e\000\040\000A\000u\000t\000o}{section.1.8}% 23
\BOOKMARK [2][-]{subsection.1.8.3}{\376\377\000O\000v\000e\000r\000r\000i\000d\000e\000\040\000d\000e\000i\000\040\000M\000e\000t\000o\000d\000i\000\040\000\050\000S\000o\000v\000r\000a\000s\000c\000r\000i\000t\000t\000u\000r\000a\000\051}{section.1.8}% 24
\BOOKMARK [2][-]{subsection.1.8.4}{\376\377\000S\000o\000t\000t\000o\000c\000l\000a\000s\000s\000e\000\040\000M\000o\000t\000o}{section.1.8}% 25
\BOOKMARK [1][-]{section.1.9}{\376\377\000P\000o\000l\000i\000m\000o\000r\000f\000i\000s\000m\000o}{chapter.1}% 26
\BOOKMARK [2][-]{subsection.1.9.1}{\376\377\000E\000s\000e\000m\000p\000i\000o\000\040\000d\000i\000\040\000P\000o\000l\000i\000m\000o\000r\000f\000i\000s\000m\000o\000\040\000c\000o\000n\000\040\000i\000\040\000V\000e\000i\000c\000o\000l\000i}{section.1.9}% 27
\BOOKMARK [1][-]{section.1.10}{\376\377\000P\000a\000c\000k\000a\000g\000e\000\040\000i\000n\000\040\000J\000a\000v\000a}{chapter.1}% 28
\BOOKMARK [2][-]{subsection.1.10.1}{\376\377\000V\000a\000n\000t\000a\000g\000g\000i\000\040\000d\000e\000i\000\040\000P\000a\000c\000k\000a\000g\000e}{section.1.10}% 29
\BOOKMARK [2][-]{subsection.1.10.2}{\376\377\000D\000i\000c\000h\000i\000a\000r\000a\000z\000i\000o\000n\000e\000\040\000e\000\040\000N\000a\000m\000i\000n\000g\000\040\000C\000o\000n\000v\000e\000n\000t\000i\000o\000n}{section.1.10}% 30
\BOOKMARK [2][-]{subsection.1.10.3}{\376\377\000S\000t\000r\000u\000t\000t\000u\000r\000a\000\040\000d\000e\000l\000l\000e\000\040\000D\000i\000r\000e\000c\000t\000o\000r\000y}{section.1.10}% 31
\BOOKMARK [2][-]{subsection.1.10.4}{\376\377\000L\000'\000i\000s\000t\000r\000u\000z\000i\000o\000n\000e\000\040\000i\000m\000p\000o\000r\000t}{section.1.10}% 32
\BOOKMARK [2][-]{subsection.1.10.5}{\376\377\000P\000a\000c\000k\000a\000g\000e\000\040\000P\000r\000e\000d\000e\000f\000i\000n\000i\000t\000i\000\040\000d\000i\000\040\000J\000a\000v\000a}{section.1.10}% 33
\BOOKMARK [1][-]{section.1.11}{\376\377\000R\000i\000e\000p\000i\000l\000o\000g\000o}{chapter.1}% 34
